{
  "stats": {
    "suites": 1,
    "tests": 3,
    "passes": 3,
    "pending": 0,
    "failures": 0,
    "start": "2025-05-10T17:55:20.746Z",
    "end": "2025-05-10T17:55:41.281Z",
    "duration": 20535,
    "testsRegistered": 3,
    "passPercent": 100,
    "pendingPercent": 0,
    "other": 0,
    "hasOther": false,
    "skipped": 0,
    "hasSkipped": false
  },
  "results": [
    {
      "uuid": "4dde0365-6999-4f50-aae3-f3c876f2c31a",
      "title": "",
      "fullFile": "cypress\\e2e\\6-responsividadeLogin.cy.js",
      "file": "cypress\\e2e\\6-responsividadeLogin.cy.js",
      "beforeHooks": [],
      "afterHooks": [],
      "tests": [],
      "suites": [
        {
          "uuid": "ee0ddbbe-bb36-401d-b712-ece846a84b62",
          "title": "Desafio 8 - Responsividade do login",
          "fullFile": "",
          "file": "",
          "beforeHooks": [],
          "afterHooks": [],
          "tests": [
            {
              "title": "Deve funcionar corretamente em iphone-6",
              "fullTitle": "Desafio 8 - Responsividade do login Deve funcionar corretamente em iphone-6",
              "timedOut": null,
              "duration": 9010,
              "state": "passed",
              "speed": "medium",
              "pass": true,
              "fail": false,
              "pending": false,
              "context": null,
              "code": "if (Array.isArray(view)) {\n  cy.viewport(view[0], view[1]); // Define largura e altura separadamente\n} else {\n  cy.viewport(view); // Usa o preset de dispositivo\n}\ncy.visit('/web/index.php/auth/login');\ncy.get('input[name=\"username\"]').type('Admin');\ncy.get('input[name=\"password\"]').type('admin123');\ncy.get('button[type=\"submit\"]').click();\ncy.contains('Dashboard').should('exist');\n// Tira um print da tela\ncy.screenshot(`login-responsivo-${Array.isArray(view) ? view.join('x') : view}`);",
              "err": {},
              "uuid": "50e232f9-fb19-4a47-b670-8fab435927e2",
              "parentUUID": "ee0ddbbe-bb36-401d-b712-ece846a84b62",
              "isHook": false,
              "skipped": false
            },
            {
              "title": "Deve funcionar corretamente em ipad-2",
              "fullTitle": "Desafio 8 - Responsividade do login Deve funcionar corretamente em ipad-2",
              "timedOut": null,
              "duration": 5274,
              "state": "passed",
              "speed": "medium",
              "pass": true,
              "fail": false,
              "pending": false,
              "context": null,
              "code": "if (Array.isArray(view)) {\n  cy.viewport(view[0], view[1]); // Define largura e altura separadamente\n} else {\n  cy.viewport(view); // Usa o preset de dispositivo\n}\ncy.visit('/web/index.php/auth/login');\ncy.get('input[name=\"username\"]').type('Admin');\ncy.get('input[name=\"password\"]').type('admin123');\ncy.get('button[type=\"submit\"]').click();\ncy.contains('Dashboard').should('exist');\n// Tira um print da tela\ncy.screenshot(`login-responsivo-${Array.isArray(view) ? view.join('x') : view}`);",
              "err": {},
              "uuid": "7469e647-ccad-453f-ac93-b228c6fdd4f8",
              "parentUUID": "ee0ddbbe-bb36-401d-b712-ece846a84b62",
              "isHook": false,
              "skipped": false
            },
            {
              "title": "Deve funcionar corretamente em 1024x768",
              "fullTitle": "Desafio 8 - Responsividade do login Deve funcionar corretamente em 1024x768",
              "timedOut": null,
              "duration": 5710,
              "state": "passed",
              "speed": "medium",
              "pass": true,
              "fail": false,
              "pending": false,
              "context": null,
              "code": "if (Array.isArray(view)) {\n  cy.viewport(view[0], view[1]); // Define largura e altura separadamente\n} else {\n  cy.viewport(view); // Usa o preset de dispositivo\n}\ncy.visit('/web/index.php/auth/login');\ncy.get('input[name=\"username\"]').type('Admin');\ncy.get('input[name=\"password\"]').type('admin123');\ncy.get('button[type=\"submit\"]').click();\ncy.contains('Dashboard').should('exist');\n// Tira um print da tela\ncy.screenshot(`login-responsivo-${Array.isArray(view) ? view.join('x') : view}`);",
              "err": {},
              "uuid": "ceb42afa-0a2b-40e5-aedc-885eb1e421e3",
              "parentUUID": "ee0ddbbe-bb36-401d-b712-ece846a84b62",
              "isHook": false,
              "skipped": false
            }
          ],
          "suites": [],
          "passes": [
            "50e232f9-fb19-4a47-b670-8fab435927e2",
            "7469e647-ccad-453f-ac93-b228c6fdd4f8",
            "ceb42afa-0a2b-40e5-aedc-885eb1e421e3"
          ],
          "failures": [],
          "pending": [],
          "skipped": [],
          "duration": 19994,
          "root": false,
          "rootEmpty": false,
          "_timeout": 2000
        }
      ],
      "passes": [],
      "failures": [],
      "pending": [],
      "skipped": [],
      "duration": 0,
      "root": true,
      "rootEmpty": true,
      "_timeout": 2000
    }
  ],
  "meta": {
    "mocha": {
      "version": "7.2.0"
    },
    "mochawesome": {
      "options": {
        "quiet": false,
        "reportFilename": "mochawesome",
        "saveHtml": true,
        "saveJson": true,
        "consoleReporter": "spec",
        "useInlineDiffs": false,
        "code": true
      },
      "version": "7.1.3"
    },
    "marge": {
      "options": {
        "reportDir": "cypress/reports",
        "overwrite": false,
        "html": true,
        "json": true,
        "specPattern": "cypress/e2e/**/*.cy.js"
      },
      "version": "6.2.0"
    }
  }
}