{
  "stats": {
    "suites": 1,
    "tests": 1,
    "passes": 1,
    "pending": 0,
    "failures": 0,
    "start": "2025-05-09T15:22:37.165Z",
    "end": "2025-05-09T15:22:42.331Z",
    "duration": 5166,
    "testsRegistered": 1,
    "passPercent": 100,
    "pendingPercent": 0,
    "other": 0,
    "hasOther": false,
    "skipped": 0,
    "hasSkipped": false
  },
  "results": [
    {
      "uuid": "54c66e0d-87b0-43db-9f88-3eb261ed87ac",
      "title": "",
      "fullFile": "cypress\\e2e\\4-erro-usuario-em-branco.cy.js",
      "file": "cypress\\e2e\\4-erro-usuario-em-branco.cy.js",
      "beforeHooks": [],
      "afterHooks": [],
      "tests": [],
      "suites": [
        {
          "uuid": "c07f38ce-b6a9-4d70-8024-61e0c9f0079c",
          "title": "Erro ao tentar criar usuário com nome em branco",
          "fullFile": "",
          "file": "",
          "beforeHooks": [],
          "afterHooks": [],
          "tests": [
            {
              "title": "Deve mostrar erro ao tentar criar usuário com nome em branco",
              "fullTitle": "Erro ao tentar criar usuário com nome em branco Deve mostrar erro ao tentar criar usuário com nome em branco",
              "timedOut": null,
              "duration": 5101,
              "state": "passed",
              "speed": "medium",
              "pass": true,
              "fail": false,
              "pending": false,
              "context": null,
              "code": "cy.get('span').contains('Admin').click();\ncy.contains('Add').click();\n// Tentando salvar sem preencher campos obrigatórios\ncy.contains('Save').click();\n// Valida mensagens de erro nos campos obrigatórios\ncy.get('.oxd-input-group__message').should('contain', 'Required');",
              "err": {},
              "uuid": "7758ac13-878f-4529-9cd9-2cc0f0c0acde",
              "parentUUID": "c07f38ce-b6a9-4d70-8024-61e0c9f0079c",
              "isHook": false,
              "skipped": false
            }
          ],
          "suites": [],
          "passes": [
            "7758ac13-878f-4529-9cd9-2cc0f0c0acde"
          ],
          "failures": [],
          "pending": [],
          "skipped": [],
          "duration": 5101,
          "root": false,
          "rootEmpty": false,
          "_timeout": 2000
        }
      ],
      "passes": [],
      "failures": [],
      "pending": [],
      "skipped": [],
      "duration": 0,
      "root": true,
      "rootEmpty": true,
      "_timeout": 2000
    }
  ],
  "meta": {
    "mocha": {
      "version": "7.2.0"
    },
    "mochawesome": {
      "options": {
        "quiet": false,
        "reportFilename": "mochawesome",
        "saveHtml": true,
        "saveJson": true,
        "consoleReporter": "spec",
        "useInlineDiffs": false,
        "code": true
      },
      "version": "7.1.3"
    },
    "marge": {
      "options": {
        "reportDir": "cypress/reports",
        "overwrite": false,
        "html": true,
        "json": true
      },
      "version": "6.2.0"
    }
  }
}