{
  "stats": {
    "suites": 1,
    "tests": 1,
    "passes": 1,
    "pending": 0,
    "failures": 0,
    "start": "2025-09-29T15:20:20.447Z",
    "end": "2025-09-29T15:20:24.747Z",
    "duration": 4300,
    "testsRegistered": 1,
    "passPercent": 100,
    "pendingPercent": 0,
    "other": 0,
    "hasOther": false,
    "skipped": 0,
    "hasSkipped": false
  },
  "results": [
    {
      "uuid": "3b4922e5-8e3d-43ed-a10d-86d6d5eb3cbb",
      "title": "",
      "fullFile": "cypress\\e2e\\5-loginInvalido.cy.js",
      "file": "cypress\\e2e\\5-loginInvalido.cy.js",
      "beforeHooks": [],
      "afterHooks": [],
      "tests": [],
      "suites": [
        {
          "uuid": "535adcb9-0b93-4e44-a6c1-de4c3c3eca7d",
          "title": "Login inválido",
          "fullFile": "",
          "file": "",
          "beforeHooks": [],
          "afterHooks": [],
          "tests": [
            {
              "title": "Deve exibir mensagem de erro com usuário ou senha incorretos",
              "fullTitle": "Login inválido Deve exibir mensagem de erro com usuário ou senha incorretos",
              "timedOut": null,
              "duration": 4256,
              "state": "passed",
              "speed": "fast",
              "pass": true,
              "fail": false,
              "pending": false,
              "context": null,
              "code": "cy.visit('/web/index.php/auth/login');\ncy.get('input[name=\"username\"]').type('usuarioInvalido');\ncy.get('input[name=\"password\"]').type('senhaInvalida');\ncy.get('button[type=\"submit\"]').click();\n// Aguarda a mensagem de erro aparecer\ncy.contains('Invalid credentials', {\n  timeout: 5000\n}).should('be.visible');\ncy.url().should('include', '/auth/login');\n// Tira um print da tela\ncy.screenshot('login-invalido');",
              "err": {},
              "uuid": "464e17d2-0738-44cf-9853-8c7cce136f71",
              "parentUUID": "535adcb9-0b93-4e44-a6c1-de4c3c3eca7d",
              "isHook": false,
              "skipped": false
            }
          ],
          "suites": [],
          "passes": [
            "464e17d2-0738-44cf-9853-8c7cce136f71"
          ],
          "failures": [],
          "pending": [],
          "skipped": [],
          "duration": 4256,
          "root": false,
          "rootEmpty": false,
          "_timeout": 2000
        }
      ],
      "passes": [],
      "failures": [],
      "pending": [],
      "skipped": [],
      "duration": 0,
      "root": true,
      "rootEmpty": true,
      "_timeout": 2000
    }
  ],
  "meta": {
    "mocha": {
      "version": "7.2.0"
    },
    "mochawesome": {
      "options": {
        "quiet": false,
        "reportFilename": "mochawesome",
        "saveHtml": true,
        "saveJson": true,
        "consoleReporter": "spec",
        "useInlineDiffs": false,
        "code": true
      },
      "version": "7.1.3"
    },
    "marge": {
      "options": {
        "reportDir": "cypress/reports",
        "overwrite": false,
        "html": true,
        "json": true,
        "specPattern": "cypress/e2e/**/*.cy.js"
      },
      "version": "6.2.0"
    }
  }
}