{
  "stats": {
    "suites": 1,
    "tests": 1,
    "passes": 1,
    "pending": 0,
    "failures": 0,
    "start": "2025-05-09T15:22:30.439Z",
    "end": "2025-05-09T15:22:35.409Z",
    "duration": 4970,
    "testsRegistered": 1,
    "passPercent": 100,
    "pendingPercent": 0,
    "other": 0,
    "hasOther": false,
    "skipped": 0,
    "hasSkipped": false
  },
  "results": [
    {
      "uuid": "f29a2a24-6128-495b-b314-999ec80ed5b9",
      "title": "",
      "fullFile": "cypress\\e2e\\3-validar-lista-usuarios.cy.js",
      "file": "cypress\\e2e\\3-validar-lista-usuarios.cy.js",
      "beforeHooks": [],
      "afterHooks": [],
      "tests": [],
      "suites": [
        {
          "uuid": "9254f1d5-8b6a-4320-91d1-c0a83258d435",
          "title": "Validação da lista de usuários - OrangeHRM",
          "fullFile": "",
          "file": "",
          "beforeHooks": [],
          "afterHooks": [],
          "tests": [
            {
              "title": "Deve acessar Admin > User Management e validar lista de usuários",
              "fullTitle": "Validação da lista de usuários - OrangeHRM Deve acessar Admin > User Management e validar lista de usuários",
              "timedOut": null,
              "duration": 4925,
              "state": "passed",
              "speed": "fast",
              "pass": true,
              "fail": false,
              "pending": false,
              "context": null,
              "code": "cy.get('span').contains('Admin').click();\ncy.url().should('include', 'admin/viewSystemUsers');\ncy.get('.oxd-table-body').should('exist');",
              "err": {},
              "uuid": "52f9af46-2adb-4f7b-9a43-73b53e2d847b",
              "parentUUID": "9254f1d5-8b6a-4320-91d1-c0a83258d435",
              "isHook": false,
              "skipped": false
            }
          ],
          "suites": [],
          "passes": [
            "52f9af46-2adb-4f7b-9a43-73b53e2d847b"
          ],
          "failures": [],
          "pending": [],
          "skipped": [],
          "duration": 4925,
          "root": false,
          "rootEmpty": false,
          "_timeout": 2000
        }
      ],
      "passes": [],
      "failures": [],
      "pending": [],
      "skipped": [],
      "duration": 0,
      "root": true,
      "rootEmpty": true,
      "_timeout": 2000
    }
  ],
  "meta": {
    "mocha": {
      "version": "7.2.0"
    },
    "mochawesome": {
      "options": {
        "quiet": false,
        "reportFilename": "mochawesome",
        "saveHtml": true,
        "saveJson": true,
        "consoleReporter": "spec",
        "useInlineDiffs": false,
        "code": true
      },
      "version": "7.1.3"
    },
    "marge": {
      "options": {
        "reportDir": "cypress/reports",
        "overwrite": false,
        "html": true,
        "json": true
      },
      "version": "6.2.0"
    }
  }
}