{
  "stats": {
    "suites": 1,
    "tests": 2,
    "passes": 2,
    "pending": 0,
    "failures": 0,
    "start": "2025-09-29T15:19:33.982Z",
    "end": "2025-09-29T15:19:43.953Z",
    "duration": 9971,
    "testsRegistered": 2,
    "passPercent": 100,
    "pendingPercent": 0,
    "other": 0,
    "hasOther": false,
    "skipped": 0,
    "hasSkipped": false
  },
  "results": [
    {
      "uuid": "a9c6c271-83b4-4b41-a577-7f25fd374602",
      "title": "",
      "fullFile": "cypress\\e2e\\1-login.cy.js",
      "file": "cypress\\e2e\\1-login.cy.js",
      "beforeHooks": [],
      "afterHooks": [],
      "tests": [],
      "suites": [
        {
          "uuid": "3ade2f95-b904-4c4a-8944-384200c4b06d",
          "title": "Login no OrangeHRM",
          "fullFile": "",
          "file": "",
          "beforeHooks": [],
          "afterHooks": [],
          "tests": [
            {
              "title": "Deve realizar login com sucesso",
              "fullTitle": "Login no OrangeHRM Deve realizar login com sucesso",
              "timedOut": null,
              "duration": 7103,
              "state": "passed",
              "speed": "medium",
              "pass": true,
              "fail": false,
              "pending": false,
              "context": null,
              "code": "cy.get('input[name=\"username\"]').type('Admin');\ncy.get('input[name=\"password\"]').type('admin123');\ncy.get('button[type=\"submit\"]').click();\ncy.wait(2000);\ncy.url().should('include', '/dashboard');\ncy.get('h6').should('contain', 'Dashboard');",
              "err": {},
              "uuid": "7fd8894d-1283-48da-a59f-7cec26a80d13",
              "parentUUID": "3ade2f95-b904-4c4a-8944-384200c4b06d",
              "isHook": false,
              "skipped": false
            },
            {
              "title": "Deve mostrar erro com credenciais inválidas",
              "fullTitle": "Login no OrangeHRM Deve mostrar erro com credenciais inválidas",
              "timedOut": null,
              "duration": 2706,
              "state": "passed",
              "speed": "fast",
              "pass": true,
              "fail": false,
              "pending": false,
              "context": null,
              "code": "cy.get('input[name=\"username\"]').type('usuario_invalido');\ncy.get('input[name=\"password\"]').type('senha_errada');\ncy.get('button[type=\"submit\"]').click();",
              "err": {},
              "uuid": "3bcb1bac-4709-4c38-9016-a5a6bb2c0619",
              "parentUUID": "3ade2f95-b904-4c4a-8944-384200c4b06d",
              "isHook": false,
              "skipped": false
            }
          ],
          "suites": [],
          "passes": [
            "7fd8894d-1283-48da-a59f-7cec26a80d13",
            "3bcb1bac-4709-4c38-9016-a5a6bb2c0619"
          ],
          "failures": [],
          "pending": [],
          "skipped": [],
          "duration": 9809,
          "root": false,
          "rootEmpty": false,
          "_timeout": 2000
        }
      ],
      "passes": [],
      "failures": [],
      "pending": [],
      "skipped": [],
      "duration": 0,
      "root": true,
      "rootEmpty": true,
      "_timeout": 2000
    }
  ],
  "meta": {
    "mocha": {
      "version": "7.2.0"
    },
    "mochawesome": {
      "options": {
        "quiet": false,
        "reportFilename": "mochawesome",
        "saveHtml": true,
        "saveJson": true,
        "consoleReporter": "spec",
        "useInlineDiffs": false,
        "code": true
      },
      "version": "7.1.3"
    },
    "marge": {
      "options": {
        "reportDir": "cypress/reports",
        "overwrite": false,
        "html": true,
        "json": true,
        "specPattern": "cypress/e2e/**/*.cy.js"
      },
      "version": "6.2.0"
    }
  }
}