{
  "stats": {
    "suites": 1,
    "tests": 2,
    "passes": 2,
    "pending": 0,
    "failures": 0,
    "start": "2025-05-09T15:22:01.467Z",
    "end": "2025-05-09T15:22:08.396Z",
    "duration": 6929,
    "testsRegistered": 2,
    "passPercent": 100,
    "pendingPercent": 0,
    "other": 0,
    "hasOther": false,
    "skipped": 0,
    "hasSkipped": false
  },
  "results": [
    {
      "uuid": "e286d6b0-e577-4ce4-a6cb-1a1ec0f53127",
      "title": "",
      "fullFile": "cypress\\e2e\\1-login.cy.js",
      "file": "cypress\\e2e\\1-login.cy.js",
      "beforeHooks": [],
      "afterHooks": [],
      "tests": [],
      "suites": [
        {
          "uuid": "f1810536-6c20-4b13-bb9e-85e789c02eea",
          "title": "Login no OrangeHRM",
          "fullFile": "",
          "file": "",
          "beforeHooks": [],
          "afterHooks": [],
          "tests": [
            {
              "title": "Deve realizar login com sucesso",
              "fullTitle": "Login no OrangeHRM Deve realizar login com sucesso",
              "timedOut": null,
              "duration": 4183,
              "state": "passed",
              "speed": "fast",
              "pass": true,
              "fail": false,
              "pending": false,
              "context": null,
              "code": "cy.get('input[name=\"username\"]').type('Admin');\ncy.get('input[name=\"password\"]').type('admin123');\ncy.get('button[type=\"submit\"]').click();\ncy.url().should('include', '/dashboard');\ncy.get('h6').should('contain', 'Dashboard');",
              "err": {},
              "uuid": "365a12d1-b28c-4df2-a747-672246942ea8",
              "parentUUID": "f1810536-6c20-4b13-bb9e-85e789c02eea",
              "isHook": false,
              "skipped": false
            },
            {
              "title": "Deve mostrar erro com credenciais inválidas",
              "fullTitle": "Login no OrangeHRM Deve mostrar erro com credenciais inválidas",
              "timedOut": null,
              "duration": 2614,
              "state": "passed",
              "speed": "fast",
              "pass": true,
              "fail": false,
              "pending": false,
              "context": null,
              "code": "cy.get('input[name=\"username\"]').type('usuario_invalido');\ncy.get('input[name=\"password\"]').type('senha_errada');\ncy.get('button[type=\"submit\"]').click();\ncy.get('.oxd-alert-content-text').should('contain', 'Invalid credentials');",
              "err": {},
              "uuid": "5f7b640c-d102-473d-a09e-e3efc1cb596c",
              "parentUUID": "f1810536-6c20-4b13-bb9e-85e789c02eea",
              "isHook": false,
              "skipped": false
            }
          ],
          "suites": [],
          "passes": [
            "365a12d1-b28c-4df2-a747-672246942ea8",
            "5f7b640c-d102-473d-a09e-e3efc1cb596c"
          ],
          "failures": [],
          "pending": [],
          "skipped": [],
          "duration": 6797,
          "root": false,
          "rootEmpty": false,
          "_timeout": 2000
        }
      ],
      "passes": [],
      "failures": [],
      "pending": [],
      "skipped": [],
      "duration": 0,
      "root": true,
      "rootEmpty": true,
      "_timeout": 2000
    }
  ],
  "meta": {
    "mocha": {
      "version": "7.2.0"
    },
    "mochawesome": {
      "options": {
        "quiet": false,
        "reportFilename": "mochawesome",
        "saveHtml": true,
        "saveJson": true,
        "consoleReporter": "spec",
        "useInlineDiffs": false,
        "code": true
      },
      "version": "7.1.3"
    },
    "marge": {
      "options": {
        "reportDir": "cypress/reports",
        "overwrite": false,
        "html": true,
        "json": true
      },
      "version": "6.2.0"
    }
  }
}