{
  "stats": {
    "suites": 1,
    "tests": 1,
    "passes": 1,
    "pending": 0,
    "failures": 0,
    "start": "2025-05-10T16:22:16.280Z",
    "end": "2025-05-10T16:22:22.983Z",
    "duration": 6703,
    "testsRegistered": 1,
    "passPercent": 100,
    "pendingPercent": 0,
    "other": 0,
    "hasOther": false,
    "skipped": 0,
    "hasSkipped": false
  },
  "results": [
    {
      "uuid": "5db6fd8a-dfc7-4134-ab79-69072ef7fca1",
      "title": "",
      "fullFile": "cypress\\e2e\\8-loginInvalido.cy.js",
      "file": "cypress\\e2e\\8-loginInvalido.cy.js",
      "beforeHooks": [],
      "afterHooks": [],
      "tests": [],
      "suites": [
        {
          "uuid": "77b0f942-1eb2-40bb-9b9d-89550e9f9a85",
          "title": "Desafio 9 - Login inválido",
          "fullFile": "",
          "file": "",
          "beforeHooks": [],
          "afterHooks": [],
          "tests": [
            {
              "title": "Deve exibir mensagem de erro com usuário ou senha incorretos",
              "fullTitle": "Desafio 9 - Login inválido Deve exibir mensagem de erro com usuário ou senha incorretos",
              "timedOut": null,
              "duration": 6665,
              "state": "passed",
              "speed": "medium",
              "pass": true,
              "fail": false,
              "pending": false,
              "context": null,
              "code": "cy.visit('/web/index.php/auth/login');\ncy.get('input[name=\"username\"]').type('usuarioInvalido');\ncy.get('input[name=\"password\"]').type('senhaInvalida');\ncy.get('button[type=\"submit\"]').click();\n// Aguarda a mensagem de erro aparecer\ncy.contains('Invalid credentials', {\n  timeout: 5000\n}).should('be.visible');\ncy.url().should('include', '/auth/login');\n// Tira um print da tela\ncy.screenshot('login-invalido');",
              "err": {},
              "uuid": "7f17edab-af53-4929-b72a-86e926df2994",
              "parentUUID": "77b0f942-1eb2-40bb-9b9d-89550e9f9a85",
              "isHook": false,
              "skipped": false
            }
          ],
          "suites": [],
          "passes": [
            "7f17edab-af53-4929-b72a-86e926df2994"
          ],
          "failures": [],
          "pending": [],
          "skipped": [],
          "duration": 6665,
          "root": false,
          "rootEmpty": false,
          "_timeout": 2000
        }
      ],
      "passes": [],
      "failures": [],
      "pending": [],
      "skipped": [],
      "duration": 0,
      "root": true,
      "rootEmpty": true,
      "_timeout": 2000
    }
  ],
  "meta": {
    "mocha": {
      "version": "7.2.0"
    },
    "mochawesome": {
      "options": {
        "quiet": false,
        "reportFilename": "mochawesome",
        "saveHtml": true,
        "saveJson": true,
        "consoleReporter": "spec",
        "useInlineDiffs": false,
        "code": true
      },
      "version": "7.1.3"
    },
    "marge": {
      "options": {
        "reportDir": "cypress/reports",
        "overwrite": false,
        "html": true,
        "json": true
      },
      "version": "6.2.0"
    }
  }
}