{
  "stats": {
    "suites": 1,
    "tests": 4,
    "passes": 1,
    "pending": 0,
    "failures": 3,
    "start": "2025-05-10T16:20:11.438Z",
    "end": "2025-05-10T16:20:47.393Z",
    "duration": 35955,
    "testsRegistered": 4,
    "passPercent": 25,
    "pendingPercent": 0,
    "other": 0,
    "hasOther": false,
    "skipped": 0,
    "hasSkipped": false
  },
  "results": [
    {
      "uuid": "a442822c-594b-4fdb-a3e5-64f6ce0b65f7",
      "title": "",
      "fullFile": "cypress\\e2e\\5-criar-excluir-usuario.cy.js",
      "file": "cypress\\e2e\\5-criar-excluir-usuario.cy.js",
      "beforeHooks": [],
      "afterHooks": [],
      "tests": [],
      "suites": [
        {
          "uuid": "f995f4c4-6cdf-4f95-bc96-a4d5eb6c592d",
          "title": "Testes para Criar e Excluir Usuário - OrangeHRM",
          "fullFile": "",
          "file": "",
          "beforeHooks": [],
          "afterHooks": [],
          "tests": [
            {
              "title": "Deve criar um novo usuário com sucesso",
              "fullTitle": "Testes para Criar e Excluir Usuário - OrangeHRM Deve criar um novo usuário com sucesso",
              "timedOut": null,
              "duration": 11462,
              "state": "failed",
              "speed": null,
              "pass": false,
              "fail": true,
              "pending": false,
              "context": null,
              "code": "cy.get('span').contains('Admin').should('be.visible').click();\ncy.contains('Add').should('be.visible').click();\ncy.get('input[placeholder=\"Type for hints...\"]').type('Paul');\ncy.get('div[role=\"listbox\"] > div').should('exist').first().click();\ncy.get('div[role=\"listbox\"]').eq(1).contains('Admin').should('be.visible').click();\ncy.get('input[autocomplete=\"off\"]').eq(1).type('usuario.teste');\ncy.get('input[type=\"password\"]').eq(0).type('senha123');\ncy.get('input[type=\"password\"]').eq(1).type('senha123');\ncy.contains('Save').should('be.visible').click();\ncy.get('.oxd-toast').should('contain', 'Success');",
              "err": {
                "message": "AssertionError: Timed out retrying after 4000ms: Expected to find element: `div[role=\"listbox\"]`, but never found it.",
                "estack": "AssertionError: Timed out retrying after 4000ms: Expected to find element: `div[role=\"listbox\"]`, but never found it.\n    at Context.eval (webpack://aut_1/./cypress/e2e/5-criar-excluir-usuario.cy.js:20:7)",
                "diff": null
              },
              "uuid": "0eb9c6e3-947a-42c8-aed8-c6b8860397fb",
              "parentUUID": "f995f4c4-6cdf-4f95-bc96-a4d5eb6c592d",
              "isHook": false,
              "skipped": false
            },
            {
              "title": "Deve excluir um usuário com sucesso",
              "fullTitle": "Testes para Criar e Excluir Usuário - OrangeHRM Deve excluir um usuário com sucesso",
              "timedOut": null,
              "duration": 9446,
              "state": "failed",
              "speed": null,
              "pass": false,
              "fail": true,
              "pending": false,
              "context": null,
              "code": "cy.get('span').contains('Admin').should('be.visible').click();\ncy.get('.oxd-input').eq(1).type('usuario.teste');\ncy.contains('Search').should('be.visible').click();\ncy.get('.oxd-table-row .oxd-icon-button').should('exist').eq(1).click();\ncy.contains('Yes, Delete').should('be.visible').click();\ncy.get('.oxd-toast').should('contain', 'Success');",
              "err": {
                "message": "AssertionError: Timed out retrying after 4000ms: Expected to find content: 'Yes, Delete' but never did.",
                "estack": "AssertionError: Timed out retrying after 4000ms: Expected to find content: 'Yes, Delete' but never did.\n    at Context.eval (webpack://aut_1/./cypress/e2e/5-criar-excluir-usuario.cy.js:35:31)",
                "diff": null
              },
              "uuid": "ab77b1ed-1ab2-4470-8310-2bf22619f9f0",
              "parentUUID": "f995f4c4-6cdf-4f95-bc96-a4d5eb6c592d",
              "isHook": false,
              "skipped": false
            },
            {
              "title": "Deve lidar com erro ao criar usuário quando elemento está ausente",
              "fullTitle": "Testes para Criar e Excluir Usuário - OrangeHRM Deve lidar com erro ao criar usuário quando elemento está ausente",
              "timedOut": null,
              "duration": 9539,
              "state": "failed",
              "speed": null,
              "pass": false,
              "fail": true,
              "pending": false,
              "context": null,
              "code": "cy.get('span').contains('Admin').should('be.visible').click();\ncy.contains('Add').should('be.visible').click();\ncy.get('input[placeholder=\"Type for hints...\"]').type('Paul');\ncy.get('div[role=\"listbox\"] > div').should('not.exist'); // Simula ausência do elemento\ncy.contains('Save').should('be.visible').click();\ncy.get('.oxd-toast').should('not.contain', 'Success'); // Verifica que não houve sucesso",
              "err": {
                "message": "AssertionError: Timed out retrying after 4000ms: Expected <div.oxd-autocomplete-option> not to exist in the DOM, but it was continuously found.",
                "estack": "AssertionError: Timed out retrying after 4000ms: Expected <div.oxd-autocomplete-option> not to exist in the DOM, but it was continuously found.\n    at Context.eval (webpack://aut_1/./cypress/e2e/5-criar-excluir-usuario.cy.js:45:40)",
                "diff": null
              },
              "uuid": "3d5b4ed9-003a-447d-b003-ac35ad27017a",
              "parentUUID": "f995f4c4-6cdf-4f95-bc96-a4d5eb6c592d",
              "isHook": false,
              "skipped": false
            },
            {
              "title": "Deve lidar com erro ao excluir usuário quando elemento está ausente",
              "fullTitle": "Testes para Criar e Excluir Usuário - OrangeHRM Deve lidar com erro ao excluir usuário quando elemento está ausente",
              "timedOut": null,
              "duration": 5229,
              "state": "passed",
              "speed": "medium",
              "pass": true,
              "fail": false,
              "pending": false,
              "context": null,
              "code": "cy.get('span').contains('Admin').should('be.visible').click();\ncy.get('.oxd-input').eq(1).type('usuario.inexistente');\ncy.contains('Search').should('be.visible').click();\ncy.get('.oxd-table-row .oxd-icon-button').should('not.exist'); // Simula ausência do botão\ncy.contains('Yes, Delete').should('not.exist'); // Verifica que o botão de exclusão não aparece",
              "err": {},
              "uuid": "f4f6068b-b9bb-4cc9-a78b-3d3a2b9505d4",
              "parentUUID": "f995f4c4-6cdf-4f95-bc96-a4d5eb6c592d",
              "isHook": false,
              "skipped": false
            }
          ],
          "suites": [],
          "passes": [
            "f4f6068b-b9bb-4cc9-a78b-3d3a2b9505d4"
          ],
          "failures": [
            "0eb9c6e3-947a-42c8-aed8-c6b8860397fb",
            "ab77b1ed-1ab2-4470-8310-2bf22619f9f0",
            "3d5b4ed9-003a-447d-b003-ac35ad27017a"
          ],
          "pending": [],
          "skipped": [],
          "duration": 35676,
          "root": false,
          "rootEmpty": false,
          "_timeout": 2000
        }
      ],
      "passes": [],
      "failures": [],
      "pending": [],
      "skipped": [],
      "duration": 0,
      "root": true,
      "rootEmpty": true,
      "_timeout": 2000
    }
  ],
  "meta": {
    "mocha": {
      "version": "7.2.0"
    },
    "mochawesome": {
      "options": {
        "quiet": false,
        "reportFilename": "mochawesome",
        "saveHtml": true,
        "saveJson": true,
        "consoleReporter": "spec",
        "useInlineDiffs": false,
        "code": true
      },
      "version": "7.1.3"
    },
    "marge": {
      "options": {
        "reportDir": "cypress/reports",
        "overwrite": false,
        "html": true,
        "json": true
      },
      "version": "6.2.0"
    }
  }
}