{
  "stats": {
    "suites": 1,
    "tests": 6,
    "passes": 6,
    "pending": 0,
    "failures": 0,
    "start": "2025-09-29T18:55:08.052Z",
    "end": "2025-09-29T18:56:07.037Z",
    "duration": 58985,
    "testsRegistered": 6,
    "passPercent": 100,
    "pendingPercent": 0,
    "other": 0,
    "hasOther": false,
    "skipped": 0,
    "hasSkipped": false
  },
  "results": [
    {
      "uuid": "a28f009a-7f59-41e4-8d78-5be4bd7a795d",
      "title": "",
      "fullFile": "cypress\\e2e\\6-responsividadeLogin.cy.js",
      "file": "cypress\\e2e\\6-responsividadeLogin.cy.js",
      "beforeHooks": [],
      "afterHooks": [],
      "tests": [],
      "suites": [
        {
          "uuid": "913a2100-4433-4987-bb9a-5b36ff13215e",
          "title": "Responsividade do login - OrangeHRM",
          "fullFile": "",
          "file": "",
          "beforeHooks": [],
          "afterHooks": [],
          "tests": [
            {
              "title": "Deve funcionar corretamente em iPhone 6",
              "fullTitle": "Responsividade do login - OrangeHRM Deve funcionar corretamente em iPhone 6",
              "timedOut": null,
              "duration": 11042,
              "state": "passed",
              "speed": "slow",
              "pass": true,
              "fail": false,
              "pending": false,
              "context": null,
              "code": "cy.viewport(device.width, device.height);\ncy.visit('https://opensource-demo.orangehrmlive.com/web/index.php/auth/login');\ncy.get('input[name=\"username\"]').type('Admin');\ncy.wait(2000);\ncy.get('input[name=\"password\"]').type('admin123');\ncy.wait(2000);\ncy.get('button[type=\"submit\"]').click();\ncy.wait(2000);\ncy.contains('Dashboard').should('exist');\n// Screenshot para análise de layout\ncy.screenshot(`login-responsivo-${device.name}`);",
              "err": {},
              "uuid": "5843d529-1d7a-43d1-8f15-2dc0fc544afb",
              "parentUUID": "913a2100-4433-4987-bb9a-5b36ff13215e",
              "isHook": false,
              "skipped": false
            },
            {
              "title": "Deve funcionar corretamente em iPad 2",
              "fullTitle": "Responsividade do login - OrangeHRM Deve funcionar corretamente em iPad 2",
              "timedOut": null,
              "duration": 9471,
              "state": "passed",
              "speed": "medium",
              "pass": true,
              "fail": false,
              "pending": false,
              "context": null,
              "code": "cy.viewport(device.width, device.height);\ncy.visit('https://opensource-demo.orangehrmlive.com/web/index.php/auth/login');\ncy.get('input[name=\"username\"]').type('Admin');\ncy.wait(2000);\ncy.get('input[name=\"password\"]').type('admin123');\ncy.wait(2000);\ncy.get('button[type=\"submit\"]').click();\ncy.wait(2000);\ncy.contains('Dashboard').should('exist');\n// Screenshot para análise de layout\ncy.screenshot(`login-responsivo-${device.name}`);",
              "err": {},
              "uuid": "55adb1d3-d259-4278-a0d0-d96c5e6e6dc3",
              "parentUUID": "913a2100-4433-4987-bb9a-5b36ff13215e",
              "isHook": false,
              "skipped": false
            },
            {
              "title": "Deve funcionar corretamente em Desktop 1024x768",
              "fullTitle": "Responsividade do login - OrangeHRM Deve funcionar corretamente em Desktop 1024x768",
              "timedOut": null,
              "duration": 9434,
              "state": "passed",
              "speed": "medium",
              "pass": true,
              "fail": false,
              "pending": false,
              "context": null,
              "code": "cy.viewport(device.width, device.height);\ncy.visit('https://opensource-demo.orangehrmlive.com/web/index.php/auth/login');\ncy.get('input[name=\"username\"]').type('Admin');\ncy.wait(2000);\ncy.get('input[name=\"password\"]').type('admin123');\ncy.wait(2000);\ncy.get('button[type=\"submit\"]').click();\ncy.wait(2000);\ncy.contains('Dashboard').should('exist');\n// Screenshot para análise de layout\ncy.screenshot(`login-responsivo-${device.name}`);",
              "err": {},
              "uuid": "782c2336-e0d8-4ca2-bb8a-84f8a4036a2b",
              "parentUUID": "913a2100-4433-4987-bb9a-5b36ff13215e",
              "isHook": false,
              "skipped": false
            },
            {
              "title": "Deve funcionar corretamente em Samsung S25",
              "fullTitle": "Responsividade do login - OrangeHRM Deve funcionar corretamente em Samsung S25",
              "timedOut": null,
              "duration": 9601,
              "state": "passed",
              "speed": "medium",
              "pass": true,
              "fail": false,
              "pending": false,
              "context": null,
              "code": "cy.viewport(device.width, device.height);\ncy.visit('https://opensource-demo.orangehrmlive.com/web/index.php/auth/login');\ncy.get('input[name=\"username\"]').type('Admin');\ncy.wait(2000);\ncy.get('input[name=\"password\"]').type('admin123');\ncy.wait(2000);\ncy.get('button[type=\"submit\"]').click();\ncy.wait(2000);\ncy.contains('Dashboard').should('exist');\n// Screenshot para análise de layout\ncy.screenshot(`login-responsivo-${device.name}`);",
              "err": {},
              "uuid": "eef1e4de-4b83-44c4-8322-63af4e1c3b88",
              "parentUUID": "913a2100-4433-4987-bb9a-5b36ff13215e",
              "isHook": false,
              "skipped": false
            },
            {
              "title": "Deve funcionar corretamente em Motorola 2025",
              "fullTitle": "Responsividade do login - OrangeHRM Deve funcionar corretamente em Motorola 2025",
              "timedOut": null,
              "duration": 9522,
              "state": "passed",
              "speed": "medium",
              "pass": true,
              "fail": false,
              "pending": false,
              "context": null,
              "code": "cy.viewport(device.width, device.height);\ncy.visit('https://opensource-demo.orangehrmlive.com/web/index.php/auth/login');\ncy.get('input[name=\"username\"]').type('Admin');\ncy.wait(2000);\ncy.get('input[name=\"password\"]').type('admin123');\ncy.wait(2000);\ncy.get('button[type=\"submit\"]').click();\ncy.wait(2000);\ncy.contains('Dashboard').should('exist');\n// Screenshot para análise de layout\ncy.screenshot(`login-responsivo-${device.name}`);",
              "err": {},
              "uuid": "3b4cec88-3f26-4a4a-b1dd-be30ac9f4597",
              "parentUUID": "913a2100-4433-4987-bb9a-5b36ff13215e",
              "isHook": false,
              "skipped": false
            },
            {
              "title": "Deve funcionar corretamente em Redmi Note 11",
              "fullTitle": "Responsividade do login - OrangeHRM Deve funcionar corretamente em Redmi Note 11",
              "timedOut": null,
              "duration": 9431,
              "state": "passed",
              "speed": "medium",
              "pass": true,
              "fail": false,
              "pending": false,
              "context": null,
              "code": "cy.viewport(device.width, device.height);\ncy.visit('https://opensource-demo.orangehrmlive.com/web/index.php/auth/login');\ncy.get('input[name=\"username\"]').type('Admin');\ncy.wait(2000);\ncy.get('input[name=\"password\"]').type('admin123');\ncy.wait(2000);\ncy.get('button[type=\"submit\"]').click();\ncy.wait(2000);\ncy.contains('Dashboard').should('exist');\n// Screenshot para análise de layout\ncy.screenshot(`login-responsivo-${device.name}`);",
              "err": {},
              "uuid": "aa1d85ae-fd1b-4af0-b729-0306919190f0",
              "parentUUID": "913a2100-4433-4987-bb9a-5b36ff13215e",
              "isHook": false,
              "skipped": false
            }
          ],
          "suites": [],
          "passes": [
            "5843d529-1d7a-43d1-8f15-2dc0fc544afb",
            "55adb1d3-d259-4278-a0d0-d96c5e6e6dc3",
            "782c2336-e0d8-4ca2-bb8a-84f8a4036a2b",
            "eef1e4de-4b83-44c4-8322-63af4e1c3b88",
            "3b4cec88-3f26-4a4a-b1dd-be30ac9f4597",
            "aa1d85ae-fd1b-4af0-b729-0306919190f0"
          ],
          "failures": [],
          "pending": [],
          "skipped": [],
          "duration": 58501,
          "root": false,
          "rootEmpty": false,
          "_timeout": 2000
        }
      ],
      "passes": [],
      "failures": [],
      "pending": [],
      "skipped": [],
      "duration": 0,
      "root": true,
      "rootEmpty": true,
      "_timeout": 2000
    }
  ],
  "meta": {
    "mocha": {
      "version": "7.2.0"
    },
    "mochawesome": {
      "options": {
        "quiet": false,
        "reportFilename": "mochawesome",
        "saveHtml": true,
        "saveJson": true,
        "consoleReporter": "spec",
        "useInlineDiffs": false,
        "code": true
      },
      "version": "7.1.3"
    },
    "marge": {
      "options": {
        "reportDir": "cypress/reports",
        "overwrite": false,
        "html": true,
        "json": true,
        "specPattern": "cypress/e2e/**/*.cy.js"
      },
      "version": "6.2.0"
    }
  }
}