{
  "stats": {
    "suites": 1,
    "tests": 3,
    "passes": 3,
    "pending": 0,
    "failures": 0,
    "start": "2025-05-10T16:17:29.553Z",
    "end": "2025-05-10T16:17:42.639Z",
    "duration": 13086,
    "testsRegistered": 3,
    "passPercent": 100,
    "pendingPercent": 0,
    "other": 0,
    "hasOther": false,
    "skipped": 0,
    "hasSkipped": false
  },
  "results": [
    {
      "uuid": "2d16afa9-8098-43ed-adda-be4e05b8c824",
      "title": "",
      "fullFile": "cypress\\e2e\\9-responsividadeLogin.cy.js",
      "file": "cypress\\e2e\\9-responsividadeLogin.cy.js",
      "beforeHooks": [],
      "afterHooks": [],
      "tests": [],
      "suites": [
        {
          "uuid": "9d1fd23c-89b6-4ebb-b8c0-d10427ccde94",
          "title": "Desafio 8 - Responsividade do login",
          "fullFile": "",
          "file": "",
          "beforeHooks": [],
          "afterHooks": [],
          "tests": [
            {
              "title": "Deve funcionar corretamente em iphone-6",
              "fullTitle": "Desafio 8 - Responsividade do login Deve funcionar corretamente em iphone-6",
              "timedOut": null,
              "duration": 6133,
              "state": "passed",
              "speed": "medium",
              "pass": true,
              "fail": false,
              "pending": false,
              "context": null,
              "code": "if (Array.isArray(view)) {\n  cy.viewport(view[0], view[1]); // Define largura e altura separadamente\n} else {\n  cy.viewport(view); // Usa o preset de dispositivo\n}\ncy.visit('/web/index.php/auth/login');\ncy.get('input[name=\"username\"]').type('Admin');\ncy.get('input[name=\"password\"]').type('admin123');\ncy.get('button[type=\"submit\"]').click();\ncy.contains('Dashboard').should('exist');\n// Tira um print da tela\ncy.screenshot(`login-responsivo-${Array.isArray(view) ? view.join('x') : view}`);",
              "err": {},
              "uuid": "fb76b4be-7d21-46ed-b9e5-785cf5c7f0c5",
              "parentUUID": "9d1fd23c-89b6-4ebb-b8c0-d10427ccde94",
              "isHook": false,
              "skipped": false
            },
            {
              "title": "Deve funcionar corretamente em ipad-2",
              "fullTitle": "Desafio 8 - Responsividade do login Deve funcionar corretamente em ipad-2",
              "timedOut": null,
              "duration": 3223,
              "state": "passed",
              "speed": "fast",
              "pass": true,
              "fail": false,
              "pending": false,
              "context": null,
              "code": "if (Array.isArray(view)) {\n  cy.viewport(view[0], view[1]); // Define largura e altura separadamente\n} else {\n  cy.viewport(view); // Usa o preset de dispositivo\n}\ncy.visit('/web/index.php/auth/login');\ncy.get('input[name=\"username\"]').type('Admin');\ncy.get('input[name=\"password\"]').type('admin123');\ncy.get('button[type=\"submit\"]').click();\ncy.contains('Dashboard').should('exist');\n// Tira um print da tela\ncy.screenshot(`login-responsivo-${Array.isArray(view) ? view.join('x') : view}`);",
              "err": {},
              "uuid": "0d996a2e-e5b5-4079-95f3-f0f75803d239",
              "parentUUID": "9d1fd23c-89b6-4ebb-b8c0-d10427ccde94",
              "isHook": false,
              "skipped": false
            },
            {
              "title": "Deve funcionar corretamente em 1024x768",
              "fullTitle": "Desafio 8 - Responsividade do login Deve funcionar corretamente em 1024x768",
              "timedOut": null,
              "duration": 3555,
              "state": "passed",
              "speed": "fast",
              "pass": true,
              "fail": false,
              "pending": false,
              "context": null,
              "code": "if (Array.isArray(view)) {\n  cy.viewport(view[0], view[1]); // Define largura e altura separadamente\n} else {\n  cy.viewport(view); // Usa o preset de dispositivo\n}\ncy.visit('/web/index.php/auth/login');\ncy.get('input[name=\"username\"]').type('Admin');\ncy.get('input[name=\"password\"]').type('admin123');\ncy.get('button[type=\"submit\"]').click();\ncy.contains('Dashboard').should('exist');\n// Tira um print da tela\ncy.screenshot(`login-responsivo-${Array.isArray(view) ? view.join('x') : view}`);",
              "err": {},
              "uuid": "9323634a-0f6e-4ba2-b76d-a59223142d27",
              "parentUUID": "9d1fd23c-89b6-4ebb-b8c0-d10427ccde94",
              "isHook": false,
              "skipped": false
            }
          ],
          "suites": [],
          "passes": [
            "fb76b4be-7d21-46ed-b9e5-785cf5c7f0c5",
            "0d996a2e-e5b5-4079-95f3-f0f75803d239",
            "9323634a-0f6e-4ba2-b76d-a59223142d27"
          ],
          "failures": [],
          "pending": [],
          "skipped": [],
          "duration": 12911,
          "root": false,
          "rootEmpty": false,
          "_timeout": 2000
        }
      ],
      "passes": [],
      "failures": [],
      "pending": [],
      "skipped": [],
      "duration": 0,
      "root": true,
      "rootEmpty": true,
      "_timeout": 2000
    }
  ],
  "meta": {
    "mocha": {
      "version": "7.2.0"
    },
    "mochawesome": {
      "options": {
        "quiet": false,
        "reportFilename": "mochawesome",
        "saveHtml": true,
        "saveJson": true,
        "consoleReporter": "spec",
        "useInlineDiffs": false,
        "code": true
      },
      "version": "7.1.3"
    },
    "marge": {
      "options": {
        "reportDir": "cypress/reports",
        "overwrite": false,
        "html": true,
        "json": true
      },
      "version": "6.2.0"
    }
  }
}