{
  "stats": {
    "suites": 1,
    "tests": 1,
    "passes": 1,
    "pending": 0,
    "failures": 0,
    "start": "2025-05-09T15:23:21.727Z",
    "end": "2025-05-09T15:23:24.834Z",
    "duration": 3107,
    "testsRegistered": 1,
    "passPercent": 100,
    "pendingPercent": 0,
    "other": 0,
    "hasOther": false,
    "skipped": 0,
    "hasSkipped": false
  },
  "results": [
    {
      "uuid": "08d88b13-a6c4-4f5f-950f-dbfe4a075886",
      "title": "",
      "fullFile": "cypress\\e2e\\8-loginInvalido.cy.js",
      "file": "cypress\\e2e\\8-loginInvalido.cy.js",
      "beforeHooks": [],
      "afterHooks": [],
      "tests": [],
      "suites": [
        {
          "uuid": "e0af01ce-0069-4109-bdfc-029f0d82dc23",
          "title": "Desafio 9 - Login inválido",
          "fullFile": "",
          "file": "",
          "beforeHooks": [],
          "afterHooks": [],
          "tests": [
            {
              "title": "Deve exibir mensagem de erro com usuário ou senha incorretos",
              "fullTitle": "Desafio 9 - Login inválido Deve exibir mensagem de erro com usuário ou senha incorretos",
              "timedOut": null,
              "duration": 3056,
              "state": "passed",
              "speed": "fast",
              "pass": true,
              "fail": false,
              "pending": false,
              "context": null,
              "code": "cy.visit('/web/index.php/auth/login');\ncy.get('input[name=\"username\"]').type('usuarioInvalido');\ncy.get('input[name=\"password\"]').type('senhaInvalida');\ncy.get('button[type=\"submit\"]').click();\n// Aguarda a mensagem de erro aparecer\ncy.contains('Invalid credentials', {\n  timeout: 5000\n}).should('be.visible');\ncy.url().should('include', '/auth/login');",
              "err": {},
              "uuid": "43b321f6-b83d-4120-9c8c-b7f85174caba",
              "parentUUID": "e0af01ce-0069-4109-bdfc-029f0d82dc23",
              "isHook": false,
              "skipped": false
            }
          ],
          "suites": [],
          "passes": [
            "43b321f6-b83d-4120-9c8c-b7f85174caba"
          ],
          "failures": [],
          "pending": [],
          "skipped": [],
          "duration": 3056,
          "root": false,
          "rootEmpty": false,
          "_timeout": 2000
        }
      ],
      "passes": [],
      "failures": [],
      "pending": [],
      "skipped": [],
      "duration": 0,
      "root": true,
      "rootEmpty": true,
      "_timeout": 2000
    }
  ],
  "meta": {
    "mocha": {
      "version": "7.2.0"
    },
    "mochawesome": {
      "options": {
        "quiet": false,
        "reportFilename": "mochawesome",
        "saveHtml": true,
        "saveJson": true,
        "consoleReporter": "spec",
        "useInlineDiffs": false,
        "code": true
      },
      "version": "7.1.3"
    },
    "marge": {
      "options": {
        "reportDir": "cypress/reports",
        "overwrite": false,
        "html": true,
        "json": true
      },
      "version": "6.2.0"
    }
  }
}