{
  "stats": {
    "suites": 1,
    "tests": 1,
    "passes": 1,
    "pending": 0,
    "failures": 0,
    "start": "2025-05-09T13:49:30.571Z",
    "end": "2025-05-09T13:49:37.644Z",
    "duration": 7073,
    "testsRegistered": 1,
    "passPercent": 100,
    "pendingPercent": 0,
    "other": 0,
    "hasOther": false,
    "skipped": 0,
    "hasSkipped": false
  },
  "results": [
    {
      "uuid": "ec321e4e-e0dd-406c-9d0a-ebe141fb8c50",
      "title": "",
      "fullFile": "cypress\\e2e\\validar-lista-usuarios.cy.js",
      "file": "cypress\\e2e\\validar-lista-usuarios.cy.js",
      "beforeHooks": [],
      "afterHooks": [],
      "tests": [],
      "suites": [
        {
          "uuid": "f0a3013e-7669-4c01-af57-22d62fb58b4e",
          "title": "Validação da lista de usuários - OrangeHRM",
          "fullFile": "",
          "file": "",
          "beforeHooks": [],
          "afterHooks": [],
          "tests": [
            {
              "title": "Deve acessar Admin > User Management e validar lista de usuários",
              "fullTitle": "Validação da lista de usuários - OrangeHRM Deve acessar Admin > User Management e validar lista de usuários",
              "timedOut": null,
              "duration": 4916,
              "state": "passed",
              "speed": "fast",
              "pass": true,
              "fail": false,
              "pending": false,
              "context": null,
              "code": "cy.get('span').contains('Admin').click();\ncy.url().should('include', 'admin/viewSystemUsers');\ncy.get('.oxd-table-body').should('exist');",
              "err": {},
              "uuid": "d72e3efa-955d-4739-a31c-2feb2e6aacf8",
              "parentUUID": "f0a3013e-7669-4c01-af57-22d62fb58b4e",
              "isHook": false,
              "skipped": false
            }
          ],
          "suites": [],
          "passes": [
            "d72e3efa-955d-4739-a31c-2feb2e6aacf8"
          ],
          "failures": [],
          "pending": [],
          "skipped": [],
          "duration": 4916,
          "root": false,
          "rootEmpty": false,
          "_timeout": 2000
        }
      ],
      "passes": [],
      "failures": [],
      "pending": [],
      "skipped": [],
      "duration": 0,
      "root": true,
      "rootEmpty": true,
      "_timeout": 2000
    }
  ],
  "meta": {
    "mocha": {
      "version": "7.2.0"
    },
    "mochawesome": {
      "options": {
        "quiet": false,
        "reportFilename": "mochawesome",
        "saveHtml": true,
        "saveJson": true,
        "consoleReporter": "spec",
        "useInlineDiffs": false,
        "code": true
      },
      "version": "7.1.3"
    },
    "marge": {
      "options": {
        "reportDir": "cypress/reports",
        "overwrite": false,
        "html": true,
        "json": true
      },
      "version": "6.2.0"
    }
  }
}