{
  "stats": {
    "suites": 1,
    "tests": 1,
    "passes": 0,
    "pending": 0,
    "failures": 1,
    "start": "2025-05-10T17:27:35.920Z",
    "end": "2025-05-10T17:27:51.715Z",
    "duration": 15795,
    "testsRegistered": 1,
    "passPercent": 0,
    "pendingPercent": 0,
    "other": 0,
    "hasOther": false,
    "skipped": 0,
    "hasSkipped": false
  },
  "results": [
    {
      "uuid": "36f186de-3758-44fa-9774-efec7d3738a8",
      "title": "",
      "fullFile": "cypress\\e2e\\_10-senhaFraca.cy.js",
      "file": "cypress\\e2e\\_10-senhaFraca.cy.js",
      "beforeHooks": [],
      "afterHooks": [],
      "tests": [],
      "suites": [
        {
          "uuid": "eecbb861-e363-4684-b20e-426d8a44bb17",
          "title": "Desafio 7 - Senha fraca no cadastro de usuário",
          "fullFile": "",
          "file": "",
          "beforeHooks": [],
          "afterHooks": [],
          "tests": [
            {
              "title": "Deve impedir criação de usuário com senha fraca",
              "fullTitle": "Desafio 7 - Senha fraca no cadastro de usuário Deve impedir criação de usuário com senha fraca",
              "timedOut": null,
              "duration": 15678,
              "state": "failed",
              "speed": null,
              "pass": false,
              "fail": true,
              "pending": false,
              "context": null,
              "code": "cy.get('input[placeholder=\"Type for hints...\"]').type('manda user');\ncy.contains('manda user', {\n  timeout: 10000\n}).should('be.visible').click();\n// Aguarda o elemento existir e estar visível antes de interagir\ncy.get('label').contains('Username') // ou o label correspondente\n.parent().find('input').should('be.visible').type('Admin');\ncy.get('input[type=\"password\"]').eq(0).type('123'); // Senha fraca\ncy.get('input[type=\"password\"]').eq(1).type('123');\ncy.get('button[type=\"submit\"]').click();\ncy.contains('Should have at least').should('exist'); // ou texto de erro correspondente",
              "err": {
                "message": "AssertionError: Timed out retrying after 10000ms: Expected to find content: 'manda user' but never did.",
                "estack": "AssertionError: Timed out retrying after 10000ms: Expected to find content: 'manda user' but never did.\n    at Context.eval (webpack://aut_1/./cypress/e2e/_10-senhaFraca.cy.js:10:50)",
                "diff": null
              },
              "uuid": "d88fde27-135c-4962-b6c6-d5610afe4f5f",
              "parentUUID": "eecbb861-e363-4684-b20e-426d8a44bb17",
              "isHook": false,
              "skipped": false
            }
          ],
          "suites": [],
          "passes": [],
          "failures": [
            "d88fde27-135c-4962-b6c6-d5610afe4f5f"
          ],
          "pending": [],
          "skipped": [],
          "duration": 15678,
          "root": false,
          "rootEmpty": false,
          "_timeout": 2000
        }
      ],
      "passes": [],
      "failures": [],
      "pending": [],
      "skipped": [],
      "duration": 0,
      "root": true,
      "rootEmpty": true,
      "_timeout": 2000
    }
  ],
  "meta": {
    "mocha": {
      "version": "7.2.0"
    },
    "mochawesome": {
      "options": {
        "quiet": false,
        "reportFilename": "mochawesome",
        "saveHtml": true,
        "saveJson": true,
        "consoleReporter": "spec",
        "useInlineDiffs": false,
        "code": true
      },
      "version": "7.1.3"
    },
    "marge": {
      "options": {
        "reportDir": "cypress/reports",
        "overwrite": false,
        "html": true,
        "json": true,
        "specPattern": "cypress/e2e/**/*.cy.js"
      },
      "version": "6.2.0"
    }
  }
}