{
  "stats": {
    "suites": 1,
    "tests": 1,
    "passes": 0,
    "pending": 0,
    "failures": 1,
    "start": "2025-05-10T16:19:51.335Z",
    "end": "2025-05-10T16:19:51.626Z",
    "duration": 291,
    "testsRegistered": 1,
    "passPercent": 0,
    "pendingPercent": 0,
    "other": 0,
    "hasOther": false,
    "skipped": 0,
    "hasSkipped": false
  },
  "results": [
    {
      "uuid": "4344d3fc-c9e8-48bf-b61e-5ec4b006e23d",
      "title": "",
      "fullFile": "cypress\\e2e\\6-validarCamposObrigatorios.cy.js",
      "file": "cypress\\e2e\\6-validarCamposObrigatorios.cy.js",
      "beforeHooks": [],
      "afterHooks": [],
      "tests": [],
      "suites": [
        {
          "uuid": "0a2c0b7a-db71-4844-b30c-3138e4520282",
          "title": "Desafio 5 - Validação de campos obrigatórios",
          "fullFile": "",
          "file": "",
          "beforeHooks": [],
          "afterHooks": [],
          "tests": [
            {
              "title": "Deve exibir mensagens de erro ao tentar salvar com campos vazios",
              "fullTitle": "Desafio 5 - Validação de campos obrigatórios Deve exibir mensagens de erro ao tentar salvar com campos vazios",
              "timedOut": null,
              "duration": 224,
              "state": "failed",
              "speed": null,
              "pass": false,
              "fail": true,
              "pending": false,
              "context": null,
              "code": "cy.get('button[type=\"submit\"]').click();\ncy.contains('Required').should('exist').and('have.length.at.least', 1);",
              "err": {
                "message": "TypeError: cy.login is not a function\n\nBecause this error occurred during a `before each` hook we are skipping the remaining tests in the current suite: `Desafio 5 - Validação de ca...`",
                "estack": "TypeError: cy.login is not a function\n\nBecause this error occurred during a `before each` hook we are skipping the remaining tests in the current suite: `Desafio 5 - Validação de ca...`\n    at Context.eval (webpack://aut_1/./cypress/e2e/6-validarCamposObrigatorios.cy.js:16:7)\n    at runnable.fn (https://opensource-demo.orangehrmlive.com/__cypress/runner/cypress_runner.js:140440:19)\n    at callFn (https://opensource-demo.orangehrmlive.com/__cypress/runner/cypress_runner.js:159518:21)\n    at Runnable.run (https://opensource-demo.orangehrmlive.com/__cypress/runner/cypress_runner.js:159505:7)\n    at <unknown> (https://opensource-demo.orangehrmlive.com/__cypress/runner/cypress_runner.js:165577:30)\n    at PassThroughHandlerContext.finallyHandler (https://opensource-demo.orangehrmlive.com/__cypress/runner/cypress_runner.js:4042:23)\n    at PassThroughHandlerContext.tryCatcher (https://opensource-demo.orangehrmlive.com/__cypress/runner/cypress_runner.js:1777:23)\n    at Promise._settlePromiseFromHandler (https://opensource-demo.orangehrmlive.com/__cypress/runner/cypress_runner.js:1489:31)\n    at Promise._settlePromise (https://opensource-demo.orangehrmlive.com/__cypress/runner/cypress_runner.js:1546:18)",
                "diff": null
              },
              "uuid": "ab68ec19-8873-4fac-a6a5-69729c3aa87a",
              "parentUUID": "0a2c0b7a-db71-4844-b30c-3138e4520282",
              "isHook": false,
              "skipped": false
            }
          ],
          "suites": [],
          "passes": [],
          "failures": [
            "ab68ec19-8873-4fac-a6a5-69729c3aa87a"
          ],
          "pending": [],
          "skipped": [],
          "duration": 224,
          "root": false,
          "rootEmpty": false,
          "_timeout": 2000
        }
      ],
      "passes": [],
      "failures": [],
      "pending": [],
      "skipped": [],
      "duration": 0,
      "root": true,
      "rootEmpty": true,
      "_timeout": 2000
    }
  ],
  "meta": {
    "mocha": {
      "version": "7.2.0"
    },
    "mochawesome": {
      "options": {
        "quiet": false,
        "reportFilename": "mochawesome",
        "saveHtml": true,
        "saveJson": true,
        "consoleReporter": "spec",
        "useInlineDiffs": false,
        "code": true
      },
      "version": "7.1.3"
    },
    "marge": {
      "options": {
        "reportDir": "cypress/reports",
        "overwrite": false,
        "html": true,
        "json": true
      },
      "version": "6.2.0"
    }
  }
}