{
  "stats": {
    "suites": 1,
    "tests": 1,
    "passes": 0,
    "pending": 0,
    "failures": 1,
    "start": "2025-05-10T16:21:00.590Z",
    "end": "2025-05-10T16:21:12.547Z",
    "duration": 11957,
    "testsRegistered": 1,
    "passPercent": 0,
    "pendingPercent": 0,
    "other": 0,
    "hasOther": false,
    "skipped": 0,
    "hasSkipped": false
  },
  "results": [
    {
      "uuid": "a852aada-520d-44c1-9614-a66c9ca5e5c0",
      "title": "",
      "fullFile": "cypress\\e2e\\5-criar-excluir-usuario.cy.js",
      "file": "cypress\\e2e\\5-criar-excluir-usuario.cy.js",
      "beforeHooks": [],
      "afterHooks": [],
      "tests": [],
      "suites": [
        {
          "uuid": "ff51ac10-50c8-4ab8-abb9-b0cf907608ef",
          "title": "Testes para Criar e Excluir Usuário - OrangeHRM",
          "fullFile": "",
          "file": "",
          "beforeHooks": [],
          "afterHooks": [],
          "tests": [
            {
              "title": "Deve criar um novo usuário com sucesso",
              "fullTitle": "Testes para Criar e Excluir Usuário - OrangeHRM Deve criar um novo usuário com sucesso",
              "timedOut": null,
              "duration": 11894,
              "state": "failed",
              "speed": null,
              "pass": false,
              "fail": true,
              "pending": false,
              "context": null,
              "code": "cy.get('span').contains('Admin').should('be.visible').click();\ncy.contains('Add').should('be.visible').click();\ncy.get('input[placeholder=\"Type for hints...\"]').type('Paul');\ncy.get('div[role=\"listbox\"] > div').should('exist').first().click();\ncy.get('div[role=\"listbox\"]').eq(1).contains('Admin').should('be.visible').click();\ncy.get('input[autocomplete=\"off\"]').eq(1).type('usuario.teste');\ncy.get('input[type=\"password\"]').eq(0).type('senha123');\ncy.get('input[type=\"password\"]').eq(1).type('senha123');\ncy.contains('Save').should('be.visible').click();\ncy.get('.oxd-toast').should('contain', 'Success');",
              "err": {
                "message": "AssertionError: Timed out retrying after 4000ms: Expected to find element: `div[role=\"listbox\"]`, but never found it.",
                "estack": "AssertionError: Timed out retrying after 4000ms: Expected to find element: `div[role=\"listbox\"]`, but never found it.\n    at Context.eval (webpack://aut_1/./cypress/e2e/5-criar-excluir-usuario.cy.js:20:7)",
                "diff": null
              },
              "uuid": "3de96148-f358-46d7-8070-6253a21baa89",
              "parentUUID": "ff51ac10-50c8-4ab8-abb9-b0cf907608ef",
              "isHook": false,
              "skipped": false
            }
          ],
          "suites": [],
          "passes": [],
          "failures": [
            "3de96148-f358-46d7-8070-6253a21baa89"
          ],
          "pending": [],
          "skipped": [],
          "duration": 11894,
          "root": false,
          "rootEmpty": false,
          "_timeout": 2000
        }
      ],
      "passes": [],
      "failures": [],
      "pending": [],
      "skipped": [],
      "duration": 0,
      "root": true,
      "rootEmpty": true,
      "_timeout": 2000
    }
  ],
  "meta": {
    "mocha": {
      "version": "7.2.0"
    },
    "mochawesome": {
      "options": {
        "quiet": false,
        "reportFilename": "mochawesome",
        "saveHtml": true,
        "saveJson": true,
        "consoleReporter": "spec",
        "useInlineDiffs": false,
        "code": true
      },
      "version": "7.1.3"
    },
    "marge": {
      "options": {
        "reportDir": "cypress/reports",
        "overwrite": false,
        "html": true,
        "json": true
      },
      "version": "6.2.0"
    }
  }
}