{
  "stats": {
    "suites": 1,
    "tests": 4,
    "passes": 4,
    "pending": 0,
    "failures": 0,
    "start": "2025-05-10T17:54:32.833Z",
    "end": "2025-05-10T17:54:50.236Z",
    "duration": 17403,
    "testsRegistered": 4,
    "passPercent": 100,
    "pendingPercent": 0,
    "other": 0,
    "hasOther": false,
    "skipped": 0,
    "hasSkipped": false
  },
  "results": [
    {
      "uuid": "bd90348b-ef1b-42f8-ae95-d369433d575f",
      "title": "",
      "fullFile": "cypress\\e2e\\2-login_logout.cy.js",
      "file": "cypress\\e2e\\2-login_logout.cy.js",
      "beforeHooks": [],
      "afterHooks": [],
      "tests": [],
      "suites": [
        {
          "uuid": "d59f8dd5-045d-4405-89c1-f4a89f8e3d30",
          "title": "Login e Logout - OrangeHRM Tests",
          "fullFile": "",
          "file": "",
          "beforeHooks": [],
          "afterHooks": [],
          "tests": [
            {
              "title": "Deve fazer login com sucesso e verificar o Dashboard",
              "fullTitle": "Login e Logout - OrangeHRM Tests Deve fazer login com sucesso e verificar o Dashboard",
              "timedOut": null,
              "duration": 5180,
              "state": "passed",
              "speed": "medium",
              "pass": true,
              "fail": false,
              "pending": false,
              "context": null,
              "code": "cy.get('input[name=\"username\"]').type('Admin');\ncy.get('input[name=\"password\"]').type('admin123');\ncy.get('button[type=\"submit\"]').click();\ncy.get('h6').should('contain', 'Dashboard');",
              "err": {},
              "uuid": "bc1e8cfd-d3a0-4931-ba00-8e43b840515a",
              "parentUUID": "d59f8dd5-045d-4405-89c1-f4a89f8e3d30",
              "isHook": false,
              "skipped": false
            },
            {
              "title": "Deve fazer logout com sucesso",
              "fullTitle": "Login e Logout - OrangeHRM Tests Deve fazer logout com sucesso",
              "timedOut": null,
              "duration": 4919,
              "state": "passed",
              "speed": "fast",
              "pass": true,
              "fail": false,
              "pending": false,
              "context": null,
              "code": "cy.get('input[name=\"username\"]').type('Admin');\ncy.get('input[name=\"password\"]').type('admin123');\ncy.get('button[type=\"submit\"]').click();\ncy.get('.oxd-userdropdown-name').click();\ncy.contains('Logout').click();\ncy.url().should('include', '/auth/login');",
              "err": {},
              "uuid": "cd7a584f-3474-40a1-a749-369b073114dc",
              "parentUUID": "d59f8dd5-045d-4405-89c1-f4a89f8e3d30",
              "isHook": false,
              "skipped": false
            },
            {
              "title": "Deve mostrar erro ao usar credenciais inválidas",
              "fullTitle": "Login e Logout - OrangeHRM Tests Deve mostrar erro ao usar credenciais inválidas",
              "timedOut": null,
              "duration": 3185,
              "state": "passed",
              "speed": "fast",
              "pass": true,
              "fail": false,
              "pending": false,
              "context": null,
              "code": "cy.get('input[name=\"username\"]').type('usuario_invalido');\ncy.get('input[name=\"password\"]').type('senha_errada');\ncy.get('button[type=\"submit\"]').click();\ncy.get('.oxd-alert-content-text').should('contain', 'Invalid credentials');",
              "err": {},
              "uuid": "3a1f6fe2-272a-4db9-9948-90d9650cbfbd",
              "parentUUID": "d59f8dd5-045d-4405-89c1-f4a89f8e3d30",
              "isHook": false,
              "skipped": false
            },
            {
              "title": "Deve lidar com erro de elemento ausente",
              "fullTitle": "Login e Logout - OrangeHRM Tests Deve lidar com erro de elemento ausente",
              "timedOut": null,
              "duration": 3624,
              "state": "passed",
              "speed": "fast",
              "pass": true,
              "fail": false,
              "pending": false,
              "context": null,
              "code": "cy.get('input[name=\"username\"]').type('Admin');\ncy.get('input[name=\"password\"]').type('admin123');\ncy.get('button[type=\"submit\"]').click();\ncy.get('h6').should('exist').and('contain', 'Dashboard');",
              "err": {},
              "uuid": "c490bc89-490a-4495-8106-9408fb39373f",
              "parentUUID": "d59f8dd5-045d-4405-89c1-f4a89f8e3d30",
              "isHook": false,
              "skipped": false
            }
          ],
          "suites": [],
          "passes": [
            "bc1e8cfd-d3a0-4931-ba00-8e43b840515a",
            "cd7a584f-3474-40a1-a749-369b073114dc",
            "3a1f6fe2-272a-4db9-9948-90d9650cbfbd",
            "c490bc89-490a-4495-8106-9408fb39373f"
          ],
          "failures": [],
          "pending": [],
          "skipped": [],
          "duration": 16908,
          "root": false,
          "rootEmpty": false,
          "_timeout": 2000
        }
      ],
      "passes": [],
      "failures": [],
      "pending": [],
      "skipped": [],
      "duration": 0,
      "root": true,
      "rootEmpty": true,
      "_timeout": 2000
    }
  ],
  "meta": {
    "mocha": {
      "version": "7.2.0"
    },
    "mochawesome": {
      "options": {
        "quiet": false,
        "reportFilename": "mochawesome",
        "saveHtml": true,
        "saveJson": true,
        "consoleReporter": "spec",
        "useInlineDiffs": false,
        "code": true
      },
      "version": "7.1.3"
    },
    "marge": {
      "options": {
        "reportDir": "cypress/reports",
        "overwrite": false,
        "html": true,
        "json": true,
        "specPattern": "cypress/e2e/**/*.cy.js"
      },
      "version": "6.2.0"
    }
  }
}