{
  "stats": {
    "suites": 1,
    "tests": 1,
    "passes": 1,
    "pending": 0,
    "failures": 0,
    "start": "2025-09-29T18:54:52.736Z",
    "end": "2025-09-29T18:55:05.733Z",
    "duration": 12997,
    "testsRegistered": 1,
    "passPercent": 100,
    "pendingPercent": 0,
    "other": 0,
    "hasOther": false,
    "skipped": 0,
    "hasSkipped": false
  },
  "results": [
    {
      "uuid": "97a9830e-1f6e-437d-98b3-1c60726ca983",
      "title": "",
      "fullFile": "cypress\\e2e\\5-loginInvalido.cy.js",
      "file": "cypress\\e2e\\5-loginInvalido.cy.js",
      "beforeHooks": [],
      "afterHooks": [],
      "tests": [],
      "suites": [
        {
          "uuid": "d7fd84a8-2260-4f31-98e5-b6909ed2e3bf",
          "title": "Login inválido",
          "fullFile": "",
          "file": "",
          "beforeHooks": [],
          "afterHooks": [],
          "tests": [
            {
              "title": "Deve exibir mensagem de erro com usuário ou senha incorretos",
              "fullTitle": "Login inválido Deve exibir mensagem de erro com usuário ou senha incorretos",
              "timedOut": null,
              "duration": 12966,
              "state": "passed",
              "speed": "slow",
              "pass": true,
              "fail": false,
              "pending": false,
              "context": null,
              "code": "cy.get('input[name=\"username\"]').type('Qadanasa');\ncy.wait(2000);\ncy.get('input[name=\"password\"]').type('40028922');\ncy.wait(2000);\ncy.get('button[type=\"submit\"]').click();\ncy.wait(2000);\ncy.contains('Invalid credentials', {\n  timeout: 5000\n}).should('be.visible');\ncy.wait(2000);\ncy.url().should('include', '/auth/login');\ncy.wait(2000);\ncy.screenshot('login-invalido');",
              "err": {},
              "uuid": "ea2606dd-2c79-4426-b771-b477b520eb22",
              "parentUUID": "d7fd84a8-2260-4f31-98e5-b6909ed2e3bf",
              "isHook": false,
              "skipped": false
            }
          ],
          "suites": [],
          "passes": [
            "ea2606dd-2c79-4426-b771-b477b520eb22"
          ],
          "failures": [],
          "pending": [],
          "skipped": [],
          "duration": 12966,
          "root": false,
          "rootEmpty": false,
          "_timeout": 2000
        }
      ],
      "passes": [],
      "failures": [],
      "pending": [],
      "skipped": [],
      "duration": 0,
      "root": true,
      "rootEmpty": true,
      "_timeout": 2000
    }
  ],
  "meta": {
    "mocha": {
      "version": "7.2.0"
    },
    "mochawesome": {
      "options": {
        "quiet": false,
        "reportFilename": "mochawesome",
        "saveHtml": true,
        "saveJson": true,
        "consoleReporter": "spec",
        "useInlineDiffs": false,
        "code": true
      },
      "version": "7.1.3"
    },
    "marge": {
      "options": {
        "reportDir": "cypress/reports",
        "overwrite": false,
        "html": true,
        "json": true,
        "specPattern": "cypress/e2e/**/*.cy.js"
      },
      "version": "6.2.0"
    }
  }
}