{
  "stats": {
    "suites": 1,
    "tests": 1,
    "passes": 1,
    "pending": 0,
    "failures": 0,
    "start": "2025-09-29T17:02:53.618Z",
    "end": "2025-09-29T17:03:01.132Z",
    "duration": 7514,
    "testsRegistered": 1,
    "passPercent": 100,
    "pendingPercent": 0,
    "other": 0,
    "hasOther": false,
    "skipped": 0,
    "hasSkipped": false
  },
  "results": [
    {
      "uuid": "1fd0a34f-9ca7-40e4-9b35-e2d14aca523c",
      "title": "",
      "fullFile": "cypress\\e2e\\4-erro-usuario-em-branco.cy.js",
      "file": "cypress\\e2e\\4-erro-usuario-em-branco.cy.js",
      "beforeHooks": [],
      "afterHooks": [],
      "tests": [],
      "suites": [
        {
          "uuid": "b4ab9409-c9ca-4180-b922-515eeff608a2",
          "title": "Erro ao tentar criar usuário com nome em branco",
          "fullFile": "",
          "file": "",
          "beforeHooks": [],
          "afterHooks": [],
          "tests": [
            {
              "title": "Deve mostrar erro ao tentar criar usuário com nome em branco",
              "fullTitle": "Erro ao tentar criar usuário com nome em branco Deve mostrar erro ao tentar criar usuário com nome em branco",
              "timedOut": null,
              "duration": 7381,
              "state": "passed",
              "speed": "medium",
              "pass": true,
              "fail": false,
              "pending": false,
              "context": null,
              "code": "cy.get('span').contains('Admin').click();\ncy.url().should('include', 'admin/viewSystemUsers');\ncy.contains('Add').click();\n// Tentando salvar sem preencher campos obrigatórios\ncy.contains('Save').click();\n// Valida mensagens de erro nos campos obrigatórios\ncy.get('.oxd-input-group__message').should('contain', 'Required');\ncy.get('.oxd-input-group__message').should('have.length.greaterThan', 0); // Garante que há mais de um campo obrigatório",
              "err": {},
              "uuid": "0c82e8cc-1939-43f0-be76-cd047c06e33d",
              "parentUUID": "b4ab9409-c9ca-4180-b922-515eeff608a2",
              "isHook": false,
              "skipped": false
            }
          ],
          "suites": [],
          "passes": [
            "0c82e8cc-1939-43f0-be76-cd047c06e33d"
          ],
          "failures": [],
          "pending": [],
          "skipped": [],
          "duration": 7381,
          "root": false,
          "rootEmpty": false,
          "_timeout": 2000
        }
      ],
      "passes": [],
      "failures": [],
      "pending": [],
      "skipped": [],
      "duration": 0,
      "root": true,
      "rootEmpty": true,
      "_timeout": 2000
    }
  ],
  "meta": {
    "mocha": {
      "version": "7.2.0"
    },
    "mochawesome": {
      "options": {
        "quiet": false,
        "reportFilename": "mochawesome",
        "saveHtml": true,
        "saveJson": true,
        "consoleReporter": "spec",
        "useInlineDiffs": false,
        "code": true
      },
      "version": "7.1.3"
    },
    "marge": {
      "options": {
        "reportDir": "cypress/reports",
        "overwrite": false,
        "html": true,
        "json": true,
        "specPattern": "cypress/e2e/**/*.cy.js"
      },
      "version": "6.2.0"
    }
  }
}