{
  "stats": {
    "suites": 1,
    "tests": 1,
    "passes": 1,
    "pending": 0,
    "failures": 0,
    "start": "2025-05-10T17:27:05.101Z",
    "end": "2025-05-10T17:27:11.906Z",
    "duration": 6805,
    "testsRegistered": 1,
    "passPercent": 100,
    "pendingPercent": 0,
    "other": 0,
    "hasOther": false,
    "skipped": 0,
    "hasSkipped": false
  },
  "results": [
    {
      "uuid": "e1348313-2c80-4aae-b0f4-f07a26adef3a",
      "title": "",
      "fullFile": "cypress\\e2e\\4-erro-usuario-em-branco.cy.js",
      "file": "cypress\\e2e\\4-erro-usuario-em-branco.cy.js",
      "beforeHooks": [],
      "afterHooks": [],
      "tests": [],
      "suites": [
        {
          "uuid": "f5dc7305-f059-4d9f-b8cb-45dba504d6b7",
          "title": "Erro ao tentar criar usuário com nome em branco",
          "fullFile": "",
          "file": "",
          "beforeHooks": [],
          "afterHooks": [],
          "tests": [
            {
              "title": "Deve mostrar erro ao tentar criar usuário com nome em branco",
              "fullTitle": "Erro ao tentar criar usuário com nome em branco Deve mostrar erro ao tentar criar usuário com nome em branco",
              "timedOut": null,
              "duration": 6733,
              "state": "passed",
              "speed": "medium",
              "pass": true,
              "fail": false,
              "pending": false,
              "context": null,
              "code": "cy.get('span').contains('Admin').click();\ncy.contains('Add').click();\n// Tentando salvar sem preencher campos obrigatórios\ncy.contains('Save').click();\n// Valida mensagens de erro nos campos obrigatórios\ncy.get('.oxd-input-group__message').should('contain', 'Required');",
              "err": {},
              "uuid": "da5cceba-2187-417b-9040-8453fd00cc6c",
              "parentUUID": "f5dc7305-f059-4d9f-b8cb-45dba504d6b7",
              "isHook": false,
              "skipped": false
            }
          ],
          "suites": [],
          "passes": [
            "da5cceba-2187-417b-9040-8453fd00cc6c"
          ],
          "failures": [],
          "pending": [],
          "skipped": [],
          "duration": 6733,
          "root": false,
          "rootEmpty": false,
          "_timeout": 2000
        }
      ],
      "passes": [],
      "failures": [],
      "pending": [],
      "skipped": [],
      "duration": 0,
      "root": true,
      "rootEmpty": true,
      "_timeout": 2000
    }
  ],
  "meta": {
    "mocha": {
      "version": "7.2.0"
    },
    "mochawesome": {
      "options": {
        "quiet": false,
        "reportFilename": "mochawesome",
        "saveHtml": true,
        "saveJson": true,
        "consoleReporter": "spec",
        "useInlineDiffs": false,
        "code": true
      },
      "version": "7.1.3"
    },
    "marge": {
      "options": {
        "reportDir": "cypress/reports",
        "overwrite": false,
        "html": true,
        "json": true,
        "specPattern": "cypress/e2e/**/*.cy.js"
      },
      "version": "6.2.0"
    }
  }
}