{
  "stats": {
    "suites": 1,
    "tests": 4,
    "passes": 1,
    "pending": 0,
    "failures": 3,
    "start": "2025-05-09T15:22:43.794Z",
    "end": "2025-05-09T15:23:15.713Z",
    "duration": 31919,
    "testsRegistered": 4,
    "passPercent": 25,
    "pendingPercent": 0,
    "other": 0,
    "hasOther": false,
    "skipped": 0,
    "hasSkipped": false
  },
  "results": [
    {
      "uuid": "f9439e51-39b6-4e95-947e-acc9fa430edd",
      "title": "",
      "fullFile": "cypress\\e2e\\5-criar-excluir-usuario.cy.js",
      "file": "cypress\\e2e\\5-criar-excluir-usuario.cy.js",
      "beforeHooks": [],
      "afterHooks": [],
      "tests": [],
      "suites": [
        {
          "uuid": "8886d1e1-668c-4c2b-a275-7beb4a9243f2",
          "title": "Testes para Criar e Excluir Usuário - OrangeHRM",
          "fullFile": "",
          "file": "",
          "beforeHooks": [],
          "afterHooks": [],
          "tests": [
            {
              "title": "Deve criar um novo usuário com sucesso",
              "fullTitle": "Testes para Criar e Excluir Usuário - OrangeHRM Deve criar um novo usuário com sucesso",
              "timedOut": null,
              "duration": 9257,
              "state": "failed",
              "speed": null,
              "pass": false,
              "fail": true,
              "pending": false,
              "context": null,
              "code": "cy.get('span').contains('Admin').should('be.visible').click();\ncy.contains('Add').should('be.visible').click();\ncy.get('input[placeholder=\"Type for hints...\"]').type('Paul');\ncy.get('div[role=\"listbox\"] > div').should('exist').first().click();\ncy.get('div[role=\"listbox\"]').eq(1).contains('Admin').should('be.visible').click();\ncy.get('input[autocomplete=\"off\"]').eq(1).type('usuario.teste');\ncy.get('input[type=\"password\"]').eq(0).type('senha123');\ncy.get('input[type=\"password\"]').eq(1).type('senha123');\ncy.contains('Save').should('be.visible').click();\ncy.get('.oxd-toast').should('contain', 'Success');",
              "err": {
                "message": "AssertionError: Timed out retrying after 4000ms: Expected to find element: `div[role=\"listbox\"]`, but never found it.",
                "estack": "AssertionError: Timed out retrying after 4000ms: Expected to find element: `div[role=\"listbox\"]`, but never found it.\n    at Context.eval (webpack://aut_1/./cypress/e2e/5-criar-excluir-usuario.cy.js:20:7)",
                "diff": null
              },
              "uuid": "ea1df91e-701f-44c4-9d93-128d0b593e70",
              "parentUUID": "8886d1e1-668c-4c2b-a275-7beb4a9243f2",
              "isHook": false,
              "skipped": false
            },
            {
              "title": "Deve excluir um usuário com sucesso",
              "fullTitle": "Testes para Criar e Excluir Usuário - OrangeHRM Deve excluir um usuário com sucesso",
              "timedOut": null,
              "duration": 8566,
              "state": "failed",
              "speed": null,
              "pass": false,
              "fail": true,
              "pending": false,
              "context": null,
              "code": "cy.get('span').contains('Admin').should('be.visible').click();\ncy.get('.oxd-input').eq(1).type('usuario.teste');\ncy.contains('Search').should('be.visible').click();\ncy.get('.oxd-table-row .oxd-icon-button').should('exist').eq(1).click();\ncy.contains('Yes, Delete').should('be.visible').click();\ncy.get('.oxd-toast').should('contain', 'Success');",
              "err": {
                "message": "AssertionError: Timed out retrying after 4000ms: Expected to find content: 'Yes, Delete' but never did.",
                "estack": "AssertionError: Timed out retrying after 4000ms: Expected to find content: 'Yes, Delete' but never did.\n    at Context.eval (webpack://aut_1/./cypress/e2e/5-criar-excluir-usuario.cy.js:35:31)",
                "diff": null
              },
              "uuid": "52a01512-fc7f-4e50-9d7b-6077877c11a3",
              "parentUUID": "8886d1e1-668c-4c2b-a275-7beb4a9243f2",
              "isHook": false,
              "skipped": false
            },
            {
              "title": "Deve lidar com erro ao criar usuário quando elemento está ausente",
              "fullTitle": "Testes para Criar e Excluir Usuário - OrangeHRM Deve lidar com erro ao criar usuário quando elemento está ausente",
              "timedOut": null,
              "duration": 9053,
              "state": "failed",
              "speed": null,
              "pass": false,
              "fail": true,
              "pending": false,
              "context": null,
              "code": "cy.get('span').contains('Admin').should('be.visible').click();\ncy.contains('Add').should('be.visible').click();\ncy.get('input[placeholder=\"Type for hints...\"]').type('Paul');\ncy.get('div[role=\"listbox\"] > div').should('not.exist'); // Simula ausência do elemento\ncy.contains('Save').should('be.visible').click();\ncy.get('.oxd-toast').should('not.contain', 'Success'); // Verifica que não houve sucesso",
              "err": {
                "message": "AssertionError: Timed out retrying after 4000ms: Expected <div.oxd-autocomplete-option> not to exist in the DOM, but it was continuously found.",
                "estack": "AssertionError: Timed out retrying after 4000ms: Expected <div.oxd-autocomplete-option> not to exist in the DOM, but it was continuously found.\n    at Context.eval (webpack://aut_1/./cypress/e2e/5-criar-excluir-usuario.cy.js:45:40)",
                "diff": null
              },
              "uuid": "0da89fde-60df-4896-ab46-3cd75c3a1053",
              "parentUUID": "8886d1e1-668c-4c2b-a275-7beb4a9243f2",
              "isHook": false,
              "skipped": false
            },
            {
              "title": "Deve lidar com erro ao excluir usuário quando elemento está ausente",
              "fullTitle": "Testes para Criar e Excluir Usuário - OrangeHRM Deve lidar com erro ao excluir usuário quando elemento está ausente",
              "timedOut": null,
              "duration": 4753,
              "state": "passed",
              "speed": "fast",
              "pass": true,
              "fail": false,
              "pending": false,
              "context": null,
              "code": "cy.get('span').contains('Admin').should('be.visible').click();\ncy.get('.oxd-input').eq(1).type('usuario.inexistente');\ncy.contains('Search').should('be.visible').click();\ncy.get('.oxd-table-row .oxd-icon-button').should('not.exist'); // Simula ausência do botão\ncy.contains('Yes, Delete').should('not.exist'); // Verifica que o botão de exclusão não aparece",
              "err": {},
              "uuid": "e22a1b29-9818-47c3-9235-b5b95a19affc",
              "parentUUID": "8886d1e1-668c-4c2b-a275-7beb4a9243f2",
              "isHook": false,
              "skipped": false
            }
          ],
          "suites": [],
          "passes": [
            "e22a1b29-9818-47c3-9235-b5b95a19affc"
          ],
          "failures": [
            "ea1df91e-701f-44c4-9d93-128d0b593e70",
            "52a01512-fc7f-4e50-9d7b-6077877c11a3",
            "0da89fde-60df-4896-ab46-3cd75c3a1053"
          ],
          "pending": [],
          "skipped": [],
          "duration": 31629,
          "root": false,
          "rootEmpty": false,
          "_timeout": 2000
        }
      ],
      "passes": [],
      "failures": [],
      "pending": [],
      "skipped": [],
      "duration": 0,
      "root": true,
      "rootEmpty": true,
      "_timeout": 2000
    }
  ],
  "meta": {
    "mocha": {
      "version": "7.2.0"
    },
    "mochawesome": {
      "options": {
        "quiet": false,
        "reportFilename": "mochawesome",
        "saveHtml": true,
        "saveJson": true,
        "consoleReporter": "spec",
        "useInlineDiffs": false,
        "code": true
      },
      "version": "7.1.3"
    },
    "marge": {
      "options": {
        "reportDir": "cypress/reports",
        "overwrite": false,
        "html": true,
        "json": true
      },
      "version": "6.2.0"
    }
  }
}