{
  "stats": {
    "suites": 1,
    "tests": 2,
    "passes": 2,
    "pending": 0,
    "failures": 0,
    "start": "2025-09-29T18:53:45.708Z",
    "end": "2025-09-29T18:53:56.355Z",
    "duration": 10647,
    "testsRegistered": 2,
    "passPercent": 100,
    "pendingPercent": 0,
    "other": 0,
    "hasOther": false,
    "skipped": 0,
    "hasSkipped": false
  },
  "results": [
    {
      "uuid": "843f066f-b62f-4aa7-8b46-e2c2afa4e326",
      "title": "",
      "fullFile": "cypress\\e2e\\1-login.cy.js",
      "file": "cypress\\e2e\\1-login.cy.js",
      "beforeHooks": [],
      "afterHooks": [],
      "tests": [],
      "suites": [
        {
          "uuid": "3f0e3293-fa0a-42e2-ba01-48fc163fda88",
          "title": "Login no OrangeHRM",
          "fullFile": "",
          "file": "",
          "beforeHooks": [],
          "afterHooks": [],
          "tests": [
            {
              "title": "Deve realizar login com sucesso",
              "fullTitle": "Login no OrangeHRM Deve realizar login com sucesso",
              "timedOut": null,
              "duration": 8842,
              "state": "passed",
              "speed": "medium",
              "pass": true,
              "fail": false,
              "pending": false,
              "context": null,
              "code": "_LoginPage.default.login('Admin', 'admin123');\ncy.wait(2000);\ncy.url().should('include', '/dashboard');\ncy.wait(2000);\ncy.get('h6').should('contain', 'Dashboard');\n// Logout\n_UserPage.default.logout();\n// Valida logout\ncy.url().should('include', '/auth/login');\ncy.get('button[type=\"submit\"]').should('be.visible');",
              "err": {},
              "uuid": "8946ec85-7007-491a-9407-4589575f8d2e",
              "parentUUID": "3f0e3293-fa0a-42e2-ba01-48fc163fda88",
              "isHook": false,
              "skipped": false
            },
            {
              "title": "Deve mostrar erro ao tentar logar sem preencher os campos",
              "fullTitle": "Login no OrangeHRM Deve mostrar erro ao tentar logar sem preencher os campos",
              "timedOut": null,
              "duration": 1721,
              "state": "passed",
              "speed": "fast",
              "pass": true,
              "fail": false,
              "pending": false,
              "context": null,
              "code": "// Visita página de login\n_LoginPage.default.visit();\n// Clica no botão de login sem digitar nada\ncy.get('button[type=\"submit\"]').click();\n// Valida mensagens de erro nos dois campos\ncy.get('.oxd-input-field-error-message').should('contain', 'Required').and('be.visible');\n// Confirma que ainda está na tela de login\ncy.url().should('include', '/auth/login');",
              "err": {},
              "uuid": "8f4f6fee-9fd0-4d2b-be61-5a69fbd739b2",
              "parentUUID": "3f0e3293-fa0a-42e2-ba01-48fc163fda88",
              "isHook": false,
              "skipped": false
            }
          ],
          "suites": [],
          "passes": [
            "8946ec85-7007-491a-9407-4589575f8d2e",
            "8f4f6fee-9fd0-4d2b-be61-5a69fbd739b2"
          ],
          "failures": [],
          "pending": [],
          "skipped": [],
          "duration": 10563,
          "root": false,
          "rootEmpty": false,
          "_timeout": 2000
        }
      ],
      "passes": [],
      "failures": [],
      "pending": [],
      "skipped": [],
      "duration": 0,
      "root": true,
      "rootEmpty": true,
      "_timeout": 2000
    }
  ],
  "meta": {
    "mocha": {
      "version": "7.2.0"
    },
    "mochawesome": {
      "options": {
        "quiet": false,
        "reportFilename": "mochawesome",
        "saveHtml": true,
        "saveJson": true,
        "consoleReporter": "spec",
        "useInlineDiffs": false,
        "code": true
      },
      "version": "7.1.3"
    },
    "marge": {
      "options": {
        "reportDir": "cypress/reports",
        "overwrite": false,
        "html": true,
        "json": true,
        "specPattern": "cypress/e2e/**/*.cy.js"
      },
      "version": "6.2.0"
    }
  }
}