{
  "stats": {
    "suites": 1,
    "tests": 1,
    "passes": 1,
    "pending": 0,
    "failures": 0,
    "start": "2025-09-29T18:54:07.875Z",
    "end": "2025-09-29T18:54:25.838Z",
    "duration": 17963,
    "testsRegistered": 1,
    "passPercent": 100,
    "pendingPercent": 0,
    "other": 0,
    "hasOther": false,
    "skipped": 0,
    "hasSkipped": false
  },
  "results": [
    {
      "uuid": "d756e8ce-72a9-4796-933e-091a13522835",
      "title": "",
      "fullFile": "cypress\\e2e\\3-validar-lista-usuarios.cy.js",
      "file": "cypress\\e2e\\3-validar-lista-usuarios.cy.js",
      "beforeHooks": [],
      "afterHooks": [],
      "tests": [],
      "suites": [
        {
          "uuid": "b9242d95-2a28-4ccb-9888-edeeaa02f0e4",
          "title": "Validação da lista de usuários - OrangeHRM",
          "fullFile": "",
          "file": "",
          "beforeHooks": [],
          "afterHooks": [],
          "tests": [
            {
              "title": "Deve acessar Admin > User Management e validar lista de usuários",
              "fullTitle": "Validação da lista de usuários - OrangeHRM Deve acessar Admin > User Management e validar lista de usuários",
              "timedOut": null,
              "duration": 17906,
              "state": "passed",
              "speed": "slow",
              "pass": true,
              "fail": false,
              "pending": false,
              "context": null,
              "code": "cy.get('span').contains('Admin').click();\ncy.wait(2000);\ncy.url().should('include', 'admin/viewSystemUsers');\ncy.wait(2000);\ncy.get('.oxd-table-body').should('exist').and('be.visible');\ncy.wait(2000);\ncy.get('.oxd-table-body .oxd-table-row').should('have.length.greaterThan', 0); // Garante que há usuários na lista\ncy.wait(2000);\n// Rola até o fim da tabela de usuários\ncy.get('.oxd-table-body .oxd-table-row').last().scrollIntoView();\ncy.wait(1000); // opcional: pequena pausa para visualizar o scroll\n// Logout\n_UserPage.default.logout();\n// Valida logout\ncy.url().should('include', '/auth/login');\ncy.get('button[type=\"submit\"]').should('be.visible');",
              "err": {},
              "uuid": "5f65d165-4f03-4b5d-89db-d6e335251bff",
              "parentUUID": "b9242d95-2a28-4ccb-9888-edeeaa02f0e4",
              "isHook": false,
              "skipped": false
            }
          ],
          "suites": [],
          "passes": [
            "5f65d165-4f03-4b5d-89db-d6e335251bff"
          ],
          "failures": [],
          "pending": [],
          "skipped": [],
          "duration": 17906,
          "root": false,
          "rootEmpty": false,
          "_timeout": 2000
        }
      ],
      "passes": [],
      "failures": [],
      "pending": [],
      "skipped": [],
      "duration": 0,
      "root": true,
      "rootEmpty": true,
      "_timeout": 2000
    }
  ],
  "meta": {
    "mocha": {
      "version": "7.2.0"
    },
    "mochawesome": {
      "options": {
        "quiet": false,
        "reportFilename": "mochawesome",
        "saveHtml": true,
        "saveJson": true,
        "consoleReporter": "spec",
        "useInlineDiffs": false,
        "code": true
      },
      "version": "7.1.3"
    },
    "marge": {
      "options": {
        "reportDir": "cypress/reports",
        "overwrite": false,
        "html": true,
        "json": true,
        "specPattern": "cypress/e2e/**/*.cy.js"
      },
      "version": "6.2.0"
    }
  }
}