{
  "stats": {
    "suites": 1,
    "tests": 1,
    "passes": 1,
    "pending": 0,
    "failures": 0,
    "start": "2025-05-09T13:49:14.250Z",
    "end": "2025-05-09T13:49:22.418Z",
    "duration": 8168,
    "testsRegistered": 1,
    "passPercent": 100,
    "pendingPercent": 0,
    "other": 0,
    "hasOther": false,
    "skipped": 0,
    "hasSkipped": false
  },
  "results": [
    {
      "uuid": "124e61ae-5621-42c7-a59c-0ae98e29b27f",
      "title": "",
      "fullFile": "cypress\\e2e\\erro-usuario-em-branco.cy.js",
      "file": "cypress\\e2e\\erro-usuario-em-branco.cy.js",
      "beforeHooks": [],
      "afterHooks": [],
      "tests": [],
      "suites": [
        {
          "uuid": "20a42951-d4c1-4396-8098-3f8a0b2b0b19",
          "title": "Erro ao tentar criar usuário com nome em branco",
          "fullFile": "",
          "file": "",
          "beforeHooks": [],
          "afterHooks": [],
          "tests": [
            {
              "title": "Deve mostrar erro ao tentar criar usuário com nome em branco",
              "fullTitle": "Erro ao tentar criar usuário com nome em branco Deve mostrar erro ao tentar criar usuário com nome em branco",
              "timedOut": null,
              "duration": 6093,
              "state": "passed",
              "speed": "medium",
              "pass": true,
              "fail": false,
              "pending": false,
              "context": null,
              "code": "cy.get('span').contains('Admin').click();\ncy.contains('Add').click();\n// Tentando salvar sem preencher campos obrigatórios\ncy.contains('Save').click();\n// Valida mensagens de erro nos campos obrigatórios\ncy.get('.oxd-input-group__message').should('contain', 'Required');",
              "err": {},
              "uuid": "42a8b7e5-ab0e-4b0c-9529-bedcb1c7edef",
              "parentUUID": "20a42951-d4c1-4396-8098-3f8a0b2b0b19",
              "isHook": false,
              "skipped": false
            }
          ],
          "suites": [],
          "passes": [
            "42a8b7e5-ab0e-4b0c-9529-bedcb1c7edef"
          ],
          "failures": [],
          "pending": [],
          "skipped": [],
          "duration": 6093,
          "root": false,
          "rootEmpty": false,
          "_timeout": 2000
        }
      ],
      "passes": [],
      "failures": [],
      "pending": [],
      "skipped": [],
      "duration": 0,
      "root": true,
      "rootEmpty": true,
      "_timeout": 2000
    }
  ],
  "meta": {
    "mocha": {
      "version": "7.2.0"
    },
    "mochawesome": {
      "options": {
        "quiet": false,
        "reportFilename": "mochawesome",
        "saveHtml": true,
        "saveJson": true,
        "consoleReporter": "spec",
        "useInlineDiffs": false,
        "code": true
      },
      "version": "7.1.3"
    },
    "marge": {
      "options": {
        "reportDir": "cypress/reports",
        "overwrite": false,
        "html": true,
        "json": true
      },
      "version": "6.2.0"
    }
  }
}