{
  "stats": {
    "suites": 1,
    "tests": 1,
    "passes": 1,
    "pending": 0,
    "failures": 0,
    "start": "2025-09-29T18:53:58.425Z",
    "end": "2025-09-29T18:54:05.915Z",
    "duration": 7490,
    "testsRegistered": 1,
    "passPercent": 100,
    "pendingPercent": 0,
    "other": 0,
    "hasOther": false,
    "skipped": 0,
    "hasSkipped": false
  },
  "results": [
    {
      "uuid": "362a2c6e-d17e-436c-85e8-5e2de8548b1f",
      "title": "",
      "fullFile": "cypress\\e2e\\2-login_logout.cy.js",
      "file": "cypress\\e2e\\2-login_logout.cy.js",
      "beforeHooks": [],
      "afterHooks": [],
      "tests": [],
      "suites": [
        {
          "uuid": "5a6e3c37-26cf-4e1f-80b8-2ff52f526db4",
          "title": "Login, menus e logout - OrangeHRM",
          "fullFile": "",
          "file": "",
          "beforeHooks": [],
          "afterHooks": [],
          "tests": [
            {
              "title": "Deve fazer login, navegar pelos menus e finalizar com logout",
              "fullTitle": "Login, menus e logout - OrangeHRM Deve fazer login, navegar pelos menus e finalizar com logout",
              "timedOut": null,
              "duration": 7422,
              "state": "passed",
              "speed": "medium",
              "pass": true,
              "fail": false,
              "pending": false,
              "context": null,
              "code": "// Login\n_LoginPage.default.login('Admin', 'admin123');\n// Valida login no Dashboard\ncy.url().should('include', '/dashboard');\ncy.contains('h6', 'Dashboard').should('be.visible');\n// Verifica e clica em Performance\ncy.contains('span', 'Performance').should('be.visible').click();\ncy.url().should('include', '/performance');\n// Verifica e clica em PIM\ncy.contains('span', 'PIM').should('be.visible').click();\ncy.url().should('include', '/pim');\n// Verifica e clica em Claim\ncy.contains('span', 'Claim').should('be.visible').click();\ncy.url().should('include', '/claim');\n// Logout\n_UserPage.default.logout();\n// Valida logout\ncy.url().should('include', '/auth/login');\ncy.get('button[type=\"submit\"]').should('be.visible');",
              "err": {},
              "uuid": "0ca522ee-3487-46ec-965b-aa46b42f9431",
              "parentUUID": "5a6e3c37-26cf-4e1f-80b8-2ff52f526db4",
              "isHook": false,
              "skipped": false
            }
          ],
          "suites": [],
          "passes": [
            "0ca522ee-3487-46ec-965b-aa46b42f9431"
          ],
          "failures": [],
          "pending": [],
          "skipped": [],
          "duration": 7422,
          "root": false,
          "rootEmpty": false,
          "_timeout": 2000
        }
      ],
      "passes": [],
      "failures": [],
      "pending": [],
      "skipped": [],
      "duration": 0,
      "root": true,
      "rootEmpty": true,
      "_timeout": 2000
    }
  ],
  "meta": {
    "mocha": {
      "version": "7.2.0"
    },
    "mochawesome": {
      "options": {
        "quiet": false,
        "reportFilename": "mochawesome",
        "saveHtml": true,
        "saveJson": true,
        "consoleReporter": "spec",
        "useInlineDiffs": false,
        "code": true
      },
      "version": "7.1.3"
    },
    "marge": {
      "options": {
        "reportDir": "cypress/reports",
        "overwrite": false,
        "html": true,
        "json": true,
        "specPattern": "cypress/e2e/**/*.cy.js"
      },
      "version": "6.2.0"
    }
  }
}