{
  "stats": {
    "suites": 1,
    "tests": 3,
    "passes": 3,
    "pending": 0,
    "failures": 0,
    "start": "2025-05-10T17:27:22.540Z",
    "end": "2025-05-10T17:27:33.861Z",
    "duration": 11321,
    "testsRegistered": 3,
    "passPercent": 100,
    "pendingPercent": 0,
    "other": 0,
    "hasOther": false,
    "skipped": 0,
    "hasSkipped": false
  },
  "results": [
    {
      "uuid": "14ca3370-7db3-4ce9-a4d8-1c2b85342cb7",
      "title": "",
      "fullFile": "cypress\\e2e\\9-responsividadeLogin.cy.js",
      "file": "cypress\\e2e\\9-responsividadeLogin.cy.js",
      "beforeHooks": [],
      "afterHooks": [],
      "tests": [],
      "suites": [
        {
          "uuid": "588b8263-cc0e-4b90-9447-bdffccb2e657",
          "title": "Desafio 8 - Responsividade do login",
          "fullFile": "",
          "file": "",
          "beforeHooks": [],
          "afterHooks": [],
          "tests": [
            {
              "title": "Deve funcionar corretamente em iphone-6",
              "fullTitle": "Desafio 8 - Responsividade do login Deve funcionar corretamente em iphone-6",
              "timedOut": null,
              "duration": 4555,
              "state": "passed",
              "speed": "fast",
              "pass": true,
              "fail": false,
              "pending": false,
              "context": null,
              "code": "if (Array.isArray(view)) {\n  cy.viewport(view[0], view[1]); // Define largura e altura separadamente\n} else {\n  cy.viewport(view); // Usa o preset de dispositivo\n}\ncy.visit('/web/index.php/auth/login');\ncy.get('input[name=\"username\"]').type('Admin');\ncy.get('input[name=\"password\"]').type('admin123');\ncy.get('button[type=\"submit\"]').click();\ncy.contains('Dashboard').should('exist');\n// Tira um print da tela\ncy.screenshot(`login-responsivo-${Array.isArray(view) ? view.join('x') : view}`);",
              "err": {},
              "uuid": "16ff7f26-beef-43a5-99f0-e33c8eb8cf72",
              "parentUUID": "588b8263-cc0e-4b90-9447-bdffccb2e657",
              "isHook": false,
              "skipped": false
            },
            {
              "title": "Deve funcionar corretamente em ipad-2",
              "fullTitle": "Desafio 8 - Responsividade do login Deve funcionar corretamente em ipad-2",
              "timedOut": null,
              "duration": 3244,
              "state": "passed",
              "speed": "fast",
              "pass": true,
              "fail": false,
              "pending": false,
              "context": null,
              "code": "if (Array.isArray(view)) {\n  cy.viewport(view[0], view[1]); // Define largura e altura separadamente\n} else {\n  cy.viewport(view); // Usa o preset de dispositivo\n}\ncy.visit('/web/index.php/auth/login');\ncy.get('input[name=\"username\"]').type('Admin');\ncy.get('input[name=\"password\"]').type('admin123');\ncy.get('button[type=\"submit\"]').click();\ncy.contains('Dashboard').should('exist');\n// Tira um print da tela\ncy.screenshot(`login-responsivo-${Array.isArray(view) ? view.join('x') : view}`);",
              "err": {},
              "uuid": "74640596-b044-4a2a-87cb-871b3f694435",
              "parentUUID": "588b8263-cc0e-4b90-9447-bdffccb2e657",
              "isHook": false,
              "skipped": false
            },
            {
              "title": "Deve funcionar corretamente em 1024x768",
              "fullTitle": "Desafio 8 - Responsividade do login Deve funcionar corretamente em 1024x768",
              "timedOut": null,
              "duration": 3363,
              "state": "passed",
              "speed": "fast",
              "pass": true,
              "fail": false,
              "pending": false,
              "context": null,
              "code": "if (Array.isArray(view)) {\n  cy.viewport(view[0], view[1]); // Define largura e altura separadamente\n} else {\n  cy.viewport(view); // Usa o preset de dispositivo\n}\ncy.visit('/web/index.php/auth/login');\ncy.get('input[name=\"username\"]').type('Admin');\ncy.get('input[name=\"password\"]').type('admin123');\ncy.get('button[type=\"submit\"]').click();\ncy.contains('Dashboard').should('exist');\n// Tira um print da tela\ncy.screenshot(`login-responsivo-${Array.isArray(view) ? view.join('x') : view}`);",
              "err": {},
              "uuid": "b7c012df-b52b-4dad-86a6-b2cd9db564a9",
              "parentUUID": "588b8263-cc0e-4b90-9447-bdffccb2e657",
              "isHook": false,
              "skipped": false
            }
          ],
          "suites": [],
          "passes": [
            "16ff7f26-beef-43a5-99f0-e33c8eb8cf72",
            "74640596-b044-4a2a-87cb-871b3f694435",
            "b7c012df-b52b-4dad-86a6-b2cd9db564a9"
          ],
          "failures": [],
          "pending": [],
          "skipped": [],
          "duration": 11162,
          "root": false,
          "rootEmpty": false,
          "_timeout": 2000
        }
      ],
      "passes": [],
      "failures": [],
      "pending": [],
      "skipped": [],
      "duration": 0,
      "root": true,
      "rootEmpty": true,
      "_timeout": 2000
    }
  ],
  "meta": {
    "mocha": {
      "version": "7.2.0"
    },
    "mochawesome": {
      "options": {
        "quiet": false,
        "reportFilename": "mochawesome",
        "saveHtml": true,
        "saveJson": true,
        "consoleReporter": "spec",
        "useInlineDiffs": false,
        "code": true
      },
      "version": "7.1.3"
    },
    "marge": {
      "options": {
        "reportDir": "cypress/reports",
        "overwrite": false,
        "html": true,
        "json": true,
        "specPattern": "cypress/e2e/**/*.cy.js"
      },
      "version": "6.2.0"
    }
  }
}