{
  "stats": {
    "suites": 0,
    "tests": 1,
    "passes": 0,
    "pending": 0,
    "failures": 1,
    "start": "2025-05-09T15:14:22.731Z",
    "end": "2025-05-09T15:14:23.320Z",
    "duration": 589,
    "testsRegistered": 1,
    "passPercent": 0,
    "pendingPercent": 0,
    "other": 0,
    "hasOther": false,
    "skipped": 0,
    "hasSkipped": false
  },
  "results": [
    {
      "uuid": "e87c4927-942b-4ac2-a91d-220536338008",
      "title": "",
      "fullFile": "cypress\\e2e\\7-filtroUsuarios.cy.js",
      "file": "cypress\\e2e\\7-filtroUsuarios.cy.js",
      "beforeHooks": [],
      "afterHooks": [],
      "tests": [
        {
          "title": "An uncaught error was detected outside of a test",
          "fullTitle": "An uncaught error was detected outside of a test",
          "timedOut": null,
          "duration": 444,
          "state": "failed",
          "speed": null,
          "pass": false,
          "fail": true,
          "pending": false,
          "context": null,
          "code": "throw err;",
          "err": {
            "message": "TypeError: The following error originated from your test code, not from Cypress.\n\n  > describe.only.only is not a function\n\nWhen Cypress detects uncaught errors originating from your test code it will automatically fail the current test.\n\nCypress could not associate this error to any specific test.\n\nWe dynamically generated a new test to display this failure.",
            "estack": "TypeError: The following error originated from your test code, not from Cypress.\n\n  > describe.only.only is not a function\n\nWhen Cypress detects uncaught errors originating from your test code it will automatically fail the current test.\n\nCypress could not associate this error to any specific test.\n\nWe dynamically generated a new test to display this failure.\n    at eval (webpack://aut_1/./cypress/e2e/7-filtroUsuarios.cy.js:16:14)\n    at eval (https://opensource-demo.orangehrmlive.com/__cypress/tests?p=cypress\\e2e\\7-filtroUsuarios.cy.js:34:12)\n    at eval (<anonymous>)\n    at <unknown> (https://opensource-demo.orangehrmlive.com/__cypress/runner/cypress_runner.js:111945:23)\n    at tryCatcher (https://opensource-demo.orangehrmlive.com/__cypress/runner/cypress_runner.js:1777:23)\n    at Object.gotValue (https://opensource-demo.orangehrmlive.com/__cypress/runner/cypress_runner.js:6446:18)\n    at Object.gotAccum (https://opensource-demo.orangehrmlive.com/__cypress/runner/cypress_runner.js:6435:25)\n    at Object.tryCatcher (https://opensource-demo.orangehrmlive.com/__cypress/runner/cypress_runner.js:1777:23)\n    at Promise._settlePromiseFromHandler (https://opensource-demo.orangehrmlive.com/__cypress/runner/cypress_runner.js:1489:31)\n    at Promise._settlePromise (https://opensource-demo.orangehrmlive.com/__cypress/runner/cypress_runner.js:1546:18)",
            "diff": null
          },
          "uuid": "da701a10-423a-4b04-acca-4e6bb92c4a4e",
          "parentUUID": "e87c4927-942b-4ac2-a91d-220536338008",
          "isHook": false,
          "skipped": false
        }
      ],
      "suites": [],
      "passes": [],
      "failures": [
        "da701a10-423a-4b04-acca-4e6bb92c4a4e"
      ],
      "pending": [],
      "skipped": [],
      "duration": 444,
      "root": true,
      "rootEmpty": false,
      "_timeout": 2000
    }
  ],
  "meta": {
    "mocha": {
      "version": "7.2.0"
    },
    "mochawesome": {
      "options": {
        "quiet": false,
        "reportFilename": "mochawesome",
        "saveHtml": true,
        "saveJson": true,
        "consoleReporter": "spec",
        "useInlineDiffs": false,
        "code": true
      },
      "version": "7.1.3"
    },
    "marge": {
      "options": {
        "reportDir": "cypress/reports",
        "overwrite": false,
        "html": true,
        "json": true
      },
      "version": "6.2.0"
    }
  }
}